
*** Running vivado
    with args -log mb_subsystem_axi_bram_ctrl_0_0.vds -m64 -product Vivado -mode batch -messageDb vivado.pb -notrace -source mb_subsystem_axi_bram_ctrl_0_0.tcl


****** Vivado v2023.1 (64-bit)
  **** SW Build 3865809 on Sun May  7 15:04:56 MDT 2023
  **** IP Build 3864474 on Sun May  7 20:36:21 MDT 2023
  **** SharedData Build 3865790 on Sun May 07 13:33:03 MDT 2023
    ** Copyright 1986-2022 Xilinx, Inc. All Rights Reserved.
    ** Copyright 2022-2023 Advanced Micro Devices, Inc. All Rights Reserved.

source mb_subsystem_axi_bram_ctrl_0_0.tcl -notrace
create_project: Time (s): cpu = 00:00:08 ; elapsed = 00:00:08 . Memory (MB): peak = 2537.652 ; gain = 117.980 ; free physical = 619 ; free virtual = 65324
INFO: [IP_Flow 19-6924] IPCACHE: Running cache check for IP inst: mb_subsystem_axi_bram_ctrl_0_0
Command: synth_design -top mb_subsystem_axi_bram_ctrl_0_0 -part xc7s100fgga676-2 -incremental_mode off -mode out_of_context
Starting synth_design
Attempting to get a license for feature 'Synthesis' and/or device 'xc7s100'
INFO: [Common 17-349] Got license for feature 'Synthesis' and/or device 'xc7s100'
INFO: [Device 21-403] Loading part xc7s100fgga676-2
INFO: [Synth 8-7079] Multithreading enabled for synth_design using a maximum of 4 processes.
INFO: [Synth 8-7078] Launching helper process for spawning children vivado processes
INFO: [Synth 8-7075] Helper process launched with PID 44956
---------------------------------------------------------------------------------
Starting RTL Elaboration : Time (s): cpu = 00:00:06 ; elapsed = 00:00:07 . Memory (MB): peak = 3273.113 ; gain = 377.762 ; free physical = 600 ; free virtual = 51399
---------------------------------------------------------------------------------
INFO: [Synth 8-638] synthesizing module 'mb_subsystem_axi_bram_ctrl_0_0' [/home/r-yamashita/bootLoader/MicroBlaze-Tutorial/microblaze_tutorial_sp701/microblaze_tutorial_sp701.gen/sources_1/bd/mb_subsystem/ip/mb_subsystem_axi_bram_ctrl_0_0/synth/mb_subsystem_axi_bram_ctrl_0_0.vhd:111]
	Parameter C_BRAM_INST_MODE bound to: EXTERNAL - type: string 
	Parameter C_MEMORY_DEPTH bound to: 2048 - type: integer 
	Parameter C_BRAM_ADDR_WIDTH bound to: 11 - type: integer 
	Parameter C_S_AXI_ADDR_WIDTH bound to: 13 - type: integer 
	Parameter C_S_AXI_DATA_WIDTH bound to: 32 - type: integer 
	Parameter C_S_AXI_ID_WIDTH bound to: 1 - type: integer 
	Parameter C_S_AXI_PROTOCOL bound to: AXI4 - type: string 
	Parameter C_S_AXI_SUPPORTS_NARROW_BURST bound to: 0 - type: integer 
	Parameter C_SINGLE_PORT_BRAM bound to: 0 - type: integer 
	Parameter C_FAMILY bound to: spartan7 - type: string 
	Parameter C_READ_LATENCY bound to: 1 - type: integer 
	Parameter C_RD_CMD_OPTIMIZATION bound to: 0 - type: integer 
	Parameter C_S_AXI_CTRL_ADDR_WIDTH bound to: 32 - type: integer 
	Parameter C_S_AXI_CTRL_DATA_WIDTH bound to: 32 - type: integer 
	Parameter C_ECC bound to: 0 - type: integer 
	Parameter C_ECC_TYPE bound to: 0 - type: integer 
	Parameter C_FAULT_INJECT bound to: 0 - type: integer 
	Parameter C_ECC_ONOFF_RESET_VALUE bound to: 0 - type: integer 
INFO: [Synth 8-3491] module 'axi_bram_ctrl' declared at '/home/r-yamashita/bootLoader/MicroBlaze-Tutorial/microblaze_tutorial_sp701/microblaze_tutorial_sp701.gen/sources_1/bd/mb_subsystem/ipshared/85f5/hdl/axi_bram_ctrl_v4_1_rfs.vhd:31351' bound to instance 'U0' of component 'axi_bram_ctrl' [/home/r-yamashita/bootLoader/MicroBlaze-Tutorial/microblaze_tutorial_sp701/microblaze_tutorial_sp701.gen/sources_1/bd/mb_subsystem/ip/mb_subsystem_axi_bram_ctrl_0_0/synth/mb_subsystem_axi_bram_ctrl_0_0.vhd:270]
INFO: [Synth 8-638] synthesizing module 'axi_bram_ctrl' [/home/r-yamashita/bootLoader/MicroBlaze-Tutorial/microblaze_tutorial_sp701/microblaze_tutorial_sp701.gen/sources_1/bd/mb_subsystem/ipshared/85f5/hdl/axi_bram_ctrl_v4_1_rfs.vhd:31522]
INFO: [Synth 8-638] synthesizing module 'axi_bram_ctrl_top' [/home/r-yamashita/bootLoader/MicroBlaze-Tutorial/microblaze_tutorial_sp701/microblaze_tutorial_sp701.gen/sources_1/bd/mb_subsystem/ipshared/85f5/hdl/axi_bram_ctrl_v4_1_rfs.vhd:30521]
INFO: [Synth 8-638] synthesizing module 'full_axi' [/home/r-yamashita/bootLoader/MicroBlaze-Tutorial/microblaze_tutorial_sp701/microblaze_tutorial_sp701.gen/sources_1/bd/mb_subsystem/ipshared/85f5/hdl/axi_bram_ctrl_v4_1_rfs.vhd:29274]
WARNING: [Synth 8-6774] Null subtype or type declaration found [/home/r-yamashita/bootLoader/MicroBlaze-Tutorial/microblaze_tutorial_sp701/microblaze_tutorial_sp701.gen/sources_1/bd/mb_subsystem/ipshared/85f5/hdl/axi_bram_ctrl_v4_1_rfs.vhd:29344]
INFO: [Synth 8-3919] null assignment ignored [/home/r-yamashita/bootLoader/MicroBlaze-Tutorial/microblaze_tutorial_sp701/microblaze_tutorial_sp701.gen/sources_1/bd/mb_subsystem/ipshared/85f5/hdl/axi_bram_ctrl_v4_1_rfs.vhd:29344]
INFO: [Synth 8-638] synthesizing module 'wr_chnl' [/home/r-yamashita/bootLoader/MicroBlaze-Tutorial/microblaze_tutorial_sp701/microblaze_tutorial_sp701.gen/sources_1/bd/mb_subsystem/ipshared/85f5/hdl/axi_bram_ctrl_v4_1_rfs.vhd:24153]
INFO: [Synth 8-506] null port 'FaultInjectECC' ignored [/home/r-yamashita/bootLoader/MicroBlaze-Tutorial/microblaze_tutorial_sp701/microblaze_tutorial_sp701.gen/sources_1/bd/mb_subsystem/ipshared/85f5/hdl/axi_bram_ctrl_v4_1_rfs.vhd:24120]
INFO: [Synth 8-638] synthesizing module 'wrap_brst' [/home/r-yamashita/bootLoader/MicroBlaze-Tutorial/microblaze_tutorial_sp701/microblaze_tutorial_sp701.gen/sources_1/bd/mb_subsystem/ipshared/85f5/hdl/axi_bram_ctrl_v4_1_rfs.vhd:12449]
INFO: [Synth 8-256] done synthesizing module 'wrap_brst' (0#1) [/home/r-yamashita/bootLoader/MicroBlaze-Tutorial/microblaze_tutorial_sp701/microblaze_tutorial_sp701.gen/sources_1/bd/mb_subsystem/ipshared/85f5/hdl/axi_bram_ctrl_v4_1_rfs.vhd:12449]
INFO: [Synth 8-226] default block is never used [/home/r-yamashita/bootLoader/MicroBlaze-Tutorial/microblaze_tutorial_sp701/microblaze_tutorial_sp701.gen/sources_1/bd/mb_subsystem/ipshared/85f5/hdl/axi_bram_ctrl_v4_1_rfs.vhd:25826]
INFO: [Synth 8-638] synthesizing module 'SRL_FIFO' [/home/r-yamashita/bootLoader/MicroBlaze-Tutorial/microblaze_tutorial_sp701/microblaze_tutorial_sp701.gen/sources_1/bd/mb_subsystem/ipshared/85f5/hdl/axi_bram_ctrl_v4_1_rfs.vhd:133]
INFO: [Synth 8-3491] module 'FDR' declared at '/tools/Xilinx/Vivado/2023.1/scripts/rt/data/unisim_comp.v:39135' bound to instance 'Data_Exists_DFF' of component 'FDR' [/home/r-yamashita/bootLoader/MicroBlaze-Tutorial/microblaze_tutorial_sp701/microblaze_tutorial_sp701.gen/sources_1/bd/mb_subsystem/ipshared/85f5/hdl/axi_bram_ctrl_v4_1_rfs.vhd:230]
INFO: [Synth 8-6157] synthesizing module 'FDR' [/tools/Xilinx/Vivado/2023.1/scripts/rt/data/unisim_comp.v:39135]
INFO: [Synth 8-6155] done synthesizing module 'FDR' (0#1) [/tools/Xilinx/Vivado/2023.1/scripts/rt/data/unisim_comp.v:39135]
INFO: [Synth 8-3491] module 'MUXCY_L' declared at '/tools/Xilinx/Vivado/2023.1/scripts/rt/data/unisim_comp.v:83289' bound to instance 'MUXCY_L_I' of component 'MUXCY_L' [/home/r-yamashita/bootLoader/MicroBlaze-Tutorial/microblaze_tutorial_sp701/microblaze_tutorial_sp701.gen/sources_1/bd/mb_subsystem/ipshared/85f5/hdl/axi_bram_ctrl_v4_1_rfs.vhd:247]
INFO: [Synth 8-6157] synthesizing module 'MUXCY_L' [/tools/Xilinx/Vivado/2023.1/scripts/rt/data/unisim_comp.v:83289]
INFO: [Synth 8-6155] done synthesizing module 'MUXCY_L' (0#1) [/tools/Xilinx/Vivado/2023.1/scripts/rt/data/unisim_comp.v:83289]
INFO: [Synth 8-3491] module 'XORCY' declared at '/tools/Xilinx/Vivado/2023.1/scripts/rt/data/unisim_comp.v:137175' bound to instance 'XORCY_I' of component 'XORCY' [/home/r-yamashita/bootLoader/MicroBlaze-Tutorial/microblaze_tutorial_sp701/microblaze_tutorial_sp701.gen/sources_1/bd/mb_subsystem/ipshared/85f5/hdl/axi_bram_ctrl_v4_1_rfs.vhd:254]
INFO: [Synth 8-6157] synthesizing module 'XORCY' [/tools/Xilinx/Vivado/2023.1/scripts/rt/data/unisim_comp.v:137175]
INFO: [Synth 8-6155] done synthesizing module 'XORCY' (0#1) [/tools/Xilinx/Vivado/2023.1/scripts/rt/data/unisim_comp.v:137175]
INFO: [Synth 8-3491] module 'FDRE' declared at '/tools/Xilinx/Vivado/2023.1/scripts/rt/data/unisim_comp.v:39148' bound to instance 'FDRE_I' of component 'FDRE' [/home/r-yamashita/bootLoader/MicroBlaze-Tutorial/microblaze_tutorial_sp701/microblaze_tutorial_sp701.gen/sources_1/bd/mb_subsystem/ipshared/85f5/hdl/axi_bram_ctrl_v4_1_rfs.vhd:260]
INFO: [Synth 8-6157] synthesizing module 'FDRE' [/tools/Xilinx/Vivado/2023.1/scripts/rt/data/unisim_comp.v:39148]
INFO: [Synth 8-6155] done synthesizing module 'FDRE' (0#1) [/tools/Xilinx/Vivado/2023.1/scripts/rt/data/unisim_comp.v:39148]
INFO: [Synth 8-3491] module 'MUXCY_L' declared at '/tools/Xilinx/Vivado/2023.1/scripts/rt/data/unisim_comp.v:83289' bound to instance 'MUXCY_L_I' of component 'MUXCY_L' [/home/r-yamashita/bootLoader/MicroBlaze-Tutorial/microblaze_tutorial_sp701/microblaze_tutorial_sp701.gen/sources_1/bd/mb_subsystem/ipshared/85f5/hdl/axi_bram_ctrl_v4_1_rfs.vhd:247]
INFO: [Synth 8-3491] module 'XORCY' declared at '/tools/Xilinx/Vivado/2023.1/scripts/rt/data/unisim_comp.v:137175' bound to instance 'XORCY_I' of component 'XORCY' [/home/r-yamashita/bootLoader/MicroBlaze-Tutorial/microblaze_tutorial_sp701/microblaze_tutorial_sp701.gen/sources_1/bd/mb_subsystem/ipshared/85f5/hdl/axi_bram_ctrl_v4_1_rfs.vhd:254]
INFO: [Synth 8-3491] module 'FDRE' declared at '/tools/Xilinx/Vivado/2023.1/scripts/rt/data/unisim_comp.v:39148' bound to instance 'FDRE_I' of component 'FDRE' [/home/r-yamashita/bootLoader/MicroBlaze-Tutorial/microblaze_tutorial_sp701/microblaze_tutorial_sp701.gen/sources_1/bd/mb_subsystem/ipshared/85f5/hdl/axi_bram_ctrl_v4_1_rfs.vhd:260]
INFO: [Synth 8-3491] module 'MUXCY_L' declared at '/tools/Xilinx/Vivado/2023.1/scripts/rt/data/unisim_comp.v:83289' bound to instance 'MUXCY_L_I' of component 'MUXCY_L' [/home/r-yamashita/bootLoader/MicroBlaze-Tutorial/microblaze_tutorial_sp701/microblaze_tutorial_sp701.gen/sources_1/bd/mb_subsystem/ipshared/85f5/hdl/axi_bram_ctrl_v4_1_rfs.vhd:247]
INFO: [Synth 8-3491] module 'XORCY' declared at '/tools/Xilinx/Vivado/2023.1/scripts/rt/data/unisim_comp.v:137175' bound to instance 'XORCY_I' of component 'XORCY' [/home/r-yamashita/bootLoader/MicroBlaze-Tutorial/microblaze_tutorial_sp701/microblaze_tutorial_sp701.gen/sources_1/bd/mb_subsystem/ipshared/85f5/hdl/axi_bram_ctrl_v4_1_rfs.vhd:254]
INFO: [Synth 8-3491] module 'FDRE' declared at '/tools/Xilinx/Vivado/2023.1/scripts/rt/data/unisim_comp.v:39148' bound to instance 'FDRE_I' of component 'FDRE' [/home/r-yamashita/bootLoader/MicroBlaze-Tutorial/microblaze_tutorial_sp701/microblaze_tutorial_sp701.gen/sources_1/bd/mb_subsystem/ipshared/85f5/hdl/axi_bram_ctrl_v4_1_rfs.vhd:260]
INFO: [Synth 8-3491] module 'MUXCY_L' declared at '/tools/Xilinx/Vivado/2023.1/scripts/rt/data/unisim_comp.v:83289' bound to instance 'MUXCY_L_I' of component 'MUXCY_L' [/home/r-yamashita/bootLoader/MicroBlaze-Tutorial/microblaze_tutorial_sp701/microblaze_tutorial_sp701.gen/sources_1/bd/mb_subsystem/ipshared/85f5/hdl/axi_bram_ctrl_v4_1_rfs.vhd:247]
INFO: [Synth 8-3491] module 'XORCY' declared at '/tools/Xilinx/Vivado/2023.1/scripts/rt/data/unisim_comp.v:137175' bound to instance 'XORCY_I' of component 'XORCY' [/home/r-yamashita/bootLoader/MicroBlaze-Tutorial/microblaze_tutorial_sp701/microblaze_tutorial_sp701.gen/sources_1/bd/mb_subsystem/ipshared/85f5/hdl/axi_bram_ctrl_v4_1_rfs.vhd:254]
INFO: [Synth 8-3491] module 'FDRE' declared at '/tools/Xilinx/Vivado/2023.1/scripts/rt/data/unisim_comp.v:39148' bound to instance 'FDRE_I' of component 'FDRE' [/home/r-yamashita/bootLoader/MicroBlaze-Tutorial/microblaze_tutorial_sp701/microblaze_tutorial_sp701.gen/sources_1/bd/mb_subsystem/ipshared/85f5/hdl/axi_bram_ctrl_v4_1_rfs.vhd:260]
INFO: [Synth 8-3491] module 'SRL16E' declared at '/tools/Xilinx/Vivado/2023.1/scripts/rt/data/unisim_comp.v:132173' bound to instance 'SRL16E_I' of component 'SRL16E' [/home/r-yamashita/bootLoader/MicroBlaze-Tutorial/microblaze_tutorial_sp701/microblaze_tutorial_sp701.gen/sources_1/bd/mb_subsystem/ipshared/85f5/hdl/axi_bram_ctrl_v4_1_rfs.vhd:271]
INFO: [Synth 8-6157] synthesizing module 'SRL16E' [/tools/Xilinx/Vivado/2023.1/scripts/rt/data/unisim_comp.v:132173]
INFO: [Synth 8-6155] done synthesizing module 'SRL16E' (0#1) [/tools/Xilinx/Vivado/2023.1/scripts/rt/data/unisim_comp.v:132173]
INFO: [Synth 8-256] done synthesizing module 'SRL_FIFO' (0#1) [/home/r-yamashita/bootLoader/MicroBlaze-Tutorial/microblaze_tutorial_sp701/microblaze_tutorial_sp701.gen/sources_1/bd/mb_subsystem/ipshared/85f5/hdl/axi_bram_ctrl_v4_1_rfs.vhd:133]
INFO: [Synth 8-256] done synthesizing module 'wr_chnl' (0#1) [/home/r-yamashita/bootLoader/MicroBlaze-Tutorial/microblaze_tutorial_sp701/microblaze_tutorial_sp701.gen/sources_1/bd/mb_subsystem/ipshared/85f5/hdl/axi_bram_ctrl_v4_1_rfs.vhd:24153]
WARNING: [Synth 8-6778] Component port with null array found, Will be ignored [/home/r-yamashita/bootLoader/MicroBlaze-Tutorial/microblaze_tutorial_sp701/microblaze_tutorial_sp701.gen/sources_1/bd/mb_subsystem/ipshared/85f5/hdl/axi_bram_ctrl_v4_1_rfs.vhd:30014]
INFO: [Synth 8-638] synthesizing module 'rd_chnl' [/home/r-yamashita/bootLoader/MicroBlaze-Tutorial/microblaze_tutorial_sp701/microblaze_tutorial_sp701.gen/sources_1/bd/mb_subsystem/ipshared/85f5/hdl/axi_bram_ctrl_v4_1_rfs.vhd:14740]
INFO: [Synth 8-256] done synthesizing module 'rd_chnl' (0#1) [/home/r-yamashita/bootLoader/MicroBlaze-Tutorial/microblaze_tutorial_sp701/microblaze_tutorial_sp701.gen/sources_1/bd/mb_subsystem/ipshared/85f5/hdl/axi_bram_ctrl_v4_1_rfs.vhd:14740]
INFO: [Synth 8-256] done synthesizing module 'full_axi' (0#1) [/home/r-yamashita/bootLoader/MicroBlaze-Tutorial/microblaze_tutorial_sp701/microblaze_tutorial_sp701.gen/sources_1/bd/mb_subsystem/ipshared/85f5/hdl/axi_bram_ctrl_v4_1_rfs.vhd:29274]
INFO: [Synth 8-256] done synthesizing module 'axi_bram_ctrl_top' (0#1) [/home/r-yamashita/bootLoader/MicroBlaze-Tutorial/microblaze_tutorial_sp701/microblaze_tutorial_sp701.gen/sources_1/bd/mb_subsystem/ipshared/85f5/hdl/axi_bram_ctrl_v4_1_rfs.vhd:30521]
INFO: [Synth 8-256] done synthesizing module 'axi_bram_ctrl' (0#1) [/home/r-yamashita/bootLoader/MicroBlaze-Tutorial/microblaze_tutorial_sp701/microblaze_tutorial_sp701.gen/sources_1/bd/mb_subsystem/ipshared/85f5/hdl/axi_bram_ctrl_v4_1_rfs.vhd:31522]
INFO: [Synth 8-256] done synthesizing module 'mb_subsystem_axi_bram_ctrl_0_0' (0#1) [/home/r-yamashita/bootLoader/MicroBlaze-Tutorial/microblaze_tutorial_sp701/microblaze_tutorial_sp701.gen/sources_1/bd/mb_subsystem/ip/mb_subsystem_axi_bram_ctrl_0_0/synth/mb_subsystem_axi_bram_ctrl_0_0.vhd:111]
WARNING: [Synth 8-6014] Unused sequential element curr_awsize_reg_reg was removed.  [/home/r-yamashita/bootLoader/MicroBlaze-Tutorial/microblaze_tutorial_sp701/microblaze_tutorial_sp701.gen/sources_1/bd/mb_subsystem/ipshared/85f5/hdl/axi_bram_ctrl_v4_1_rfs.vhd:25312]
WARNING: [Synth 8-6014] Unused sequential element aw_active_d1_reg was removed.  [/home/r-yamashita/bootLoader/MicroBlaze-Tutorial/microblaze_tutorial_sp701/microblaze_tutorial_sp701.gen/sources_1/bd/mb_subsystem/ipshared/85f5/hdl/axi_bram_ctrl_v4_1_rfs.vhd:25737]
WARNING: [Synth 8-6014] Unused sequential element GEN_NO_RD_CMD_OPT.curr_arsize_reg_reg was removed.  [/home/r-yamashita/bootLoader/MicroBlaze-Tutorial/microblaze_tutorial_sp701/microblaze_tutorial_sp701.gen/sources_1/bd/mb_subsystem/ipshared/85f5/hdl/axi_bram_ctrl_v4_1_rfs.vhd:15992]
WARNING: [Synth 8-6014] Unused sequential element GEN_NO_RD_CMD_OPT.do_cmplt_burst_reg was removed.  [/home/r-yamashita/bootLoader/MicroBlaze-Tutorial/microblaze_tutorial_sp701/microblaze_tutorial_sp701.gen/sources_1/bd/mb_subsystem/ipshared/85f5/hdl/axi_bram_ctrl_v4_1_rfs.vhd:21238]
WARNING: [Synth 8-7129] Port curr_axlen[7] in module wrap_brst is either unconnected or has no load
WARNING: [Synth 8-7129] Port curr_axlen[6] in module wrap_brst is either unconnected or has no load
WARNING: [Synth 8-7129] Port curr_axlen[5] in module wrap_brst is either unconnected or has no load
WARNING: [Synth 8-7129] Port curr_axlen[4] in module wrap_brst is either unconnected or has no load
WARNING: [Synth 8-7129] Port bram_addr_ld[2] in module wrap_brst is either unconnected or has no load
WARNING: [Synth 8-7129] Port bram_addr_int[12] in module wrap_brst is either unconnected or has no load
WARNING: [Synth 8-7129] Port bram_addr_int[11] in module wrap_brst is either unconnected or has no load
WARNING: [Synth 8-7129] Port bram_addr_int[10] in module wrap_brst is either unconnected or has no load
WARNING: [Synth 8-7129] Port bram_addr_int[9] in module wrap_brst is either unconnected or has no load
WARNING: [Synth 8-7129] Port bram_addr_int[8] in module wrap_brst is either unconnected or has no load
WARNING: [Synth 8-7129] Port bram_addr_int[7] in module wrap_brst is either unconnected or has no load
WARNING: [Synth 8-7129] Port bram_addr_int[6] in module wrap_brst is either unconnected or has no load
WARNING: [Synth 8-7129] Port AXI_ARLOCK in module rd_chnl is either unconnected or has no load
WARNING: [Synth 8-7129] Port AXI_ARCACHE[3] in module rd_chnl is either unconnected or has no load
WARNING: [Synth 8-7129] Port AXI_ARCACHE[2] in module rd_chnl is either unconnected or has no load
WARNING: [Synth 8-7129] Port AXI_ARCACHE[1] in module rd_chnl is either unconnected or has no load
WARNING: [Synth 8-7129] Port AXI_ARCACHE[0] in module rd_chnl is either unconnected or has no load
WARNING: [Synth 8-7129] Port AXI_ARPROT[2] in module rd_chnl is either unconnected or has no load
WARNING: [Synth 8-7129] Port AXI_ARPROT[1] in module rd_chnl is either unconnected or has no load
WARNING: [Synth 8-7129] Port AXI_ARPROT[0] in module rd_chnl is either unconnected or has no load
WARNING: [Synth 8-7129] Port Enable_ECC in module rd_chnl is either unconnected or has no load
WARNING: [Synth 8-7129] Port Arb2AR_Active in module rd_chnl is either unconnected or has no load
WARNING: [Synth 8-7129] Port Sng_BRAM_Addr[12] in module rd_chnl is either unconnected or has no load
WARNING: [Synth 8-7129] Port Sng_BRAM_Addr[11] in module rd_chnl is either unconnected or has no load
WARNING: [Synth 8-7129] Port Sng_BRAM_Addr[10] in module rd_chnl is either unconnected or has no load
WARNING: [Synth 8-7129] Port Sng_BRAM_Addr[9] in module rd_chnl is either unconnected or has no load
WARNING: [Synth 8-7129] Port Sng_BRAM_Addr[8] in module rd_chnl is either unconnected or has no load
WARNING: [Synth 8-7129] Port Sng_BRAM_Addr[7] in module rd_chnl is either unconnected or has no load
WARNING: [Synth 8-7129] Port Sng_BRAM_Addr[6] in module rd_chnl is either unconnected or has no load
WARNING: [Synth 8-7129] Port Sng_BRAM_Addr[5] in module rd_chnl is either unconnected or has no load
WARNING: [Synth 8-7129] Port Sng_BRAM_Addr[4] in module rd_chnl is either unconnected or has no load
WARNING: [Synth 8-7129] Port Sng_BRAM_Addr[3] in module rd_chnl is either unconnected or has no load
WARNING: [Synth 8-7129] Port Sng_BRAM_Addr[2] in module rd_chnl is either unconnected or has no load
WARNING: [Synth 8-7129] Port Sng_arb_Arready in module rd_chnl is either unconnected or has no load
WARNING: [Synth 8-7129] Port AXI_AWLOCK in module wr_chnl is either unconnected or has no load
WARNING: [Synth 8-7129] Port AXI_AWCACHE[3] in module wr_chnl is either unconnected or has no load
WARNING: [Synth 8-7129] Port AXI_AWCACHE[2] in module wr_chnl is either unconnected or has no load
WARNING: [Synth 8-7129] Port AXI_AWCACHE[1] in module wr_chnl is either unconnected or has no load
WARNING: [Synth 8-7129] Port AXI_AWCACHE[0] in module wr_chnl is either unconnected or has no load
WARNING: [Synth 8-7129] Port AXI_AWPROT[2] in module wr_chnl is either unconnected or has no load
WARNING: [Synth 8-7129] Port AXI_AWPROT[1] in module wr_chnl is either unconnected or has no load
WARNING: [Synth 8-7129] Port AXI_AWPROT[0] in module wr_chnl is either unconnected or has no load
WARNING: [Synth 8-7129] Port Enable_ECC in module wr_chnl is either unconnected or has no load
WARNING: [Synth 8-7129] Port FaultInjectData[31] in module wr_chnl is either unconnected or has no load
WARNING: [Synth 8-7129] Port FaultInjectData[30] in module wr_chnl is either unconnected or has no load
WARNING: [Synth 8-7129] Port FaultInjectData[29] in module wr_chnl is either unconnected or has no load
WARNING: [Synth 8-7129] Port FaultInjectData[28] in module wr_chnl is either unconnected or has no load
WARNING: [Synth 8-7129] Port FaultInjectData[27] in module wr_chnl is either unconnected or has no load
WARNING: [Synth 8-7129] Port FaultInjectData[26] in module wr_chnl is either unconnected or has no load
WARNING: [Synth 8-7129] Port FaultInjectData[25] in module wr_chnl is either unconnected or has no load
WARNING: [Synth 8-7129] Port FaultInjectData[24] in module wr_chnl is either unconnected or has no load
WARNING: [Synth 8-7129] Port FaultInjectData[23] in module wr_chnl is either unconnected or has no load
WARNING: [Synth 8-7129] Port FaultInjectData[22] in module wr_chnl is either unconnected or has no load
WARNING: [Synth 8-7129] Port FaultInjectData[21] in module wr_chnl is either unconnected or has no load
WARNING: [Synth 8-7129] Port FaultInjectData[20] in module wr_chnl is either unconnected or has no load
WARNING: [Synth 8-7129] Port FaultInjectData[19] in module wr_chnl is either unconnected or has no load
WARNING: [Synth 8-7129] Port FaultInjectData[18] in module wr_chnl is either unconnected or has no load
WARNING: [Synth 8-7129] Port FaultInjectData[17] in module wr_chnl is either unconnected or has no load
WARNING: [Synth 8-7129] Port FaultInjectData[16] in module wr_chnl is either unconnected or has no load
WARNING: [Synth 8-7129] Port FaultInjectData[15] in module wr_chnl is either unconnected or has no load
WARNING: [Synth 8-7129] Port FaultInjectData[14] in module wr_chnl is either unconnected or has no load
WARNING: [Synth 8-7129] Port FaultInjectData[13] in module wr_chnl is either unconnected or has no load
WARNING: [Synth 8-7129] Port FaultInjectData[12] in module wr_chnl is either unconnected or has no load
WARNING: [Synth 8-7129] Port FaultInjectData[11] in module wr_chnl is either unconnected or has no load
WARNING: [Synth 8-7129] Port FaultInjectData[10] in module wr_chnl is either unconnected or has no load
WARNING: [Synth 8-7129] Port FaultInjectData[9] in module wr_chnl is either unconnected or has no load
WARNING: [Synth 8-7129] Port FaultInjectData[8] in module wr_chnl is either unconnected or has no load
WARNING: [Synth 8-7129] Port FaultInjectData[7] in module wr_chnl is either unconnected or has no load
WARNING: [Synth 8-7129] Port FaultInjectData[6] in module wr_chnl is either unconnected or has no load
WARNING: [Synth 8-7129] Port FaultInjectData[5] in module wr_chnl is either unconnected or has no load
WARNING: [Synth 8-7129] Port FaultInjectData[4] in module wr_chnl is either unconnected or has no load
WARNING: [Synth 8-7129] Port FaultInjectData[3] in module wr_chnl is either unconnected or has no load
WARNING: [Synth 8-7129] Port FaultInjectData[2] in module wr_chnl is either unconnected or has no load
WARNING: [Synth 8-7129] Port FaultInjectData[1] in module wr_chnl is either unconnected or has no load
WARNING: [Synth 8-7129] Port FaultInjectData[0] in module wr_chnl is either unconnected or has no load
WARNING: [Synth 8-7129] Port Arb2AW_Active in module wr_chnl is either unconnected or has no load
WARNING: [Synth 8-7129] Port Sng_BRAM_Addr[12] in module wr_chnl is either unconnected or has no load
WARNING: [Synth 8-7129] Port Sng_BRAM_Addr[11] in module wr_chnl is either unconnected or has no load
WARNING: [Synth 8-7129] Port Sng_BRAM_Addr[10] in module wr_chnl is either unconnected or has no load
WARNING: [Synth 8-7129] Port Sng_BRAM_Addr[9] in module wr_chnl is either unconnected or has no load
WARNING: [Synth 8-7129] Port Sng_BRAM_Addr[8] in module wr_chnl is either unconnected or has no load
WARNING: [Synth 8-7129] Port Sng_BRAM_Addr[7] in module wr_chnl is either unconnected or has no load
WARNING: [Synth 8-7129] Port Sng_BRAM_Addr[6] in module wr_chnl is either unconnected or has no load
WARNING: [Synth 8-7129] Port Sng_BRAM_Addr[5] in module wr_chnl is either unconnected or has no load
WARNING: [Synth 8-7129] Port Sng_BRAM_Addr[4] in module wr_chnl is either unconnected or has no load
WARNING: [Synth 8-7129] Port Sng_BRAM_Addr[3] in module wr_chnl is either unconnected or has no load
WARNING: [Synth 8-7129] Port Sng_BRAM_Addr[2] in module wr_chnl is either unconnected or has no load
WARNING: [Synth 8-7129] Port BRAM_RdData[31] in module wr_chnl is either unconnected or has no load
WARNING: [Synth 8-7129] Port BRAM_RdData[30] in module wr_chnl is either unconnected or has no load
WARNING: [Synth 8-7129] Port BRAM_RdData[29] in module wr_chnl is either unconnected or has no load
WARNING: [Synth 8-7129] Port BRAM_RdData[28] in module wr_chnl is either unconnected or has no load
WARNING: [Synth 8-7129] Port BRAM_RdData[27] in module wr_chnl is either unconnected or has no load
WARNING: [Synth 8-7129] Port BRAM_RdData[26] in module wr_chnl is either unconnected or has no load
WARNING: [Synth 8-7129] Port BRAM_RdData[25] in module wr_chnl is either unconnected or has no load
WARNING: [Synth 8-7129] Port BRAM_RdData[24] in module wr_chnl is either unconnected or has no load
WARNING: [Synth 8-7129] Port BRAM_RdData[23] in module wr_chnl is either unconnected or has no load
WARNING: [Synth 8-7129] Port BRAM_RdData[22] in module wr_chnl is either unconnected or has no load
WARNING: [Synth 8-7129] Port BRAM_RdData[21] in module wr_chnl is either unconnected or has no load
WARNING: [Synth 8-7129] Port BRAM_RdData[20] in module wr_chnl is either unconnected or has no load
WARNING: [Synth 8-7129] Port BRAM_RdData[19] in module wr_chnl is either unconnected or has no load
INFO: [Common 17-14] Message 'Synth 8-7129' appears 100 times and further instances of the messages will be disabled. Use the Tcl command set_msg_config to change the current settings.
---------------------------------------------------------------------------------
Finished RTL Elaboration : Time (s): cpu = 00:00:08 ; elapsed = 00:00:10 . Memory (MB): peak = 3371.023 ; gain = 475.672 ; free physical = 617 ; free virtual = 50201
---------------------------------------------------------------------------------
---------------------------------------------------------------------------------
Start Handling Custom Attributes
---------------------------------------------------------------------------------
---------------------------------------------------------------------------------
Finished Handling Custom Attributes : Time (s): cpu = 00:00:08 ; elapsed = 00:00:10 . Memory (MB): peak = 3388.832 ; gain = 493.480 ; free physical = 611 ; free virtual = 50178
---------------------------------------------------------------------------------
---------------------------------------------------------------------------------
Finished RTL Optimization Phase 1 : Time (s): cpu = 00:00:08 ; elapsed = 00:00:10 . Memory (MB): peak = 3388.832 ; gain = 493.480 ; free physical = 611 ; free virtual = 50178
---------------------------------------------------------------------------------
Netlist sorting complete. Time (s): cpu = 00:00:00.01 ; elapsed = 00:00:00.01 . Memory (MB): peak = 3394.770 ; gain = 0.000 ; free physical = 630 ; free virtual = 50155
INFO: [Netlist 29-17] Analyzing 9 Unisim elements for replacement
INFO: [Netlist 29-28] Unisim Transformation completed in 0 CPU seconds
INFO: [Project 1-570] Preparing netlist for logic optimization

Processing XDC Constraints
Initializing timing engine
Parsing XDC File [/home/r-yamashita/bootLoader/MicroBlaze-Tutorial/microblaze_tutorial_sp701/microblaze_tutorial_sp701.gen/sources_1/bd/mb_subsystem/ip/mb_subsystem_axi_bram_ctrl_0_0/mb_subsystem_axi_bram_ctrl_0_0_ooc.xdc] for cell 'U0'
Finished Parsing XDC File [/home/r-yamashita/bootLoader/MicroBlaze-Tutorial/microblaze_tutorial_sp701/microblaze_tutorial_sp701.gen/sources_1/bd/mb_subsystem/ip/mb_subsystem_axi_bram_ctrl_0_0/mb_subsystem_axi_bram_ctrl_0_0_ooc.xdc] for cell 'U0'
Parsing XDC File [/home/r-yamashita/bootLoader/MicroBlaze-Tutorial/microblaze_tutorial_sp701/microblaze_tutorial_sp701.runs/mb_subsystem_axi_bram_ctrl_0_0_synth_1/dont_touch.xdc]
Finished Parsing XDC File [/home/r-yamashita/bootLoader/MicroBlaze-Tutorial/microblaze_tutorial_sp701/microblaze_tutorial_sp701.runs/mb_subsystem_axi_bram_ctrl_0_0_synth_1/dont_touch.xdc]
Completed Processing XDC Constraints

Netlist sorting complete. Time (s): cpu = 00:00:00 ; elapsed = 00:00:00 . Memory (MB): peak = 3525.582 ; gain = 0.000 ; free physical = 654 ; free virtual = 49602
INFO: [Project 1-111] Unisim Transformation Summary:
  A total of 5 instances were transformed.
  FDR => FDRE: 1 instance 
  MUXCY_L => MUXCY: 4 instances

Constraint Validation Runtime : Time (s): cpu = 00:00:00.04 ; elapsed = 00:00:00.15 . Memory (MB): peak = 3525.582 ; gain = 0.000 ; free physical = 689 ; free virtual = 49586
INFO: [Designutils 20-5008] Incremental synthesis strategy off
---------------------------------------------------------------------------------
Finished Constraint Validation : Time (s): cpu = 00:00:14 ; elapsed = 00:00:17 . Memory (MB): peak = 3525.582 ; gain = 630.230 ; free physical = 620 ; free virtual = 48790
---------------------------------------------------------------------------------
---------------------------------------------------------------------------------
Start Loading Part and Timing Information
---------------------------------------------------------------------------------
Loading part: xc7s100fgga676-2
---------------------------------------------------------------------------------
Finished Loading Part and Timing Information : Time (s): cpu = 00:00:14 ; elapsed = 00:00:17 . Memory (MB): peak = 3525.582 ; gain = 630.230 ; free physical = 624 ; free virtual = 48791
---------------------------------------------------------------------------------
---------------------------------------------------------------------------------
Start Applying 'set_property' XDC Constraints
---------------------------------------------------------------------------------
Applied set_property KEEP_HIERARCHY = SOFT for U0. (constraint file  /home/r-yamashita/bootLoader/MicroBlaze-Tutorial/microblaze_tutorial_sp701/microblaze_tutorial_sp701.runs/mb_subsystem_axi_bram_ctrl_0_0_synth_1/dont_touch.xdc, line 9).
---------------------------------------------------------------------------------
Finished applying 'set_property' XDC Constraints : Time (s): cpu = 00:00:14 ; elapsed = 00:00:17 . Memory (MB): peak = 3525.582 ; gain = 630.230 ; free physical = 627 ; free virtual = 48790
---------------------------------------------------------------------------------
INFO: [Synth 8-802] inferred FSM for state register 'GEN_WDATA_SM_NO_ECC_DUAL_REG_WREADY.wr_data_sm_cs_reg' in module 'wr_chnl'
INFO: [Synth 8-802] inferred FSM for state register 'GEN_NO_RD_CMD_OPT.GEN_AR_DUAL.rd_addr_sm_cs_reg' in module 'rd_chnl'
INFO: [Synth 8-802] inferred FSM for state register 'GEN_NO_RD_CMD_OPT.rd_data_sm_cs_reg' in module 'rd_chnl'
INFO: [Synth 8-802] inferred FSM for state register 'GEN_NO_RD_CMD_OPT.rlast_sm_cs_reg' in module 'rd_chnl'
---------------------------------------------------------------------------------------------------
                   State |                     New Encoding |                Previous Encoding 
---------------------------------------------------------------------------------------------------
                    idle |                              000 |                              000
               w8_awaddr |                              001 |                              001
            brst_wr_data |                              010 |                              011
          b2b_w8_wr_data |                              011 |                              100
             sng_wr_data |                              100 |                              010
---------------------------------------------------------------------------------------------------
INFO: [Synth 8-3354] encoded FSM with state register 'GEN_WDATA_SM_NO_ECC_DUAL_REG_WREADY.wr_data_sm_cs_reg' using encoding 'sequential' in module 'wr_chnl'
---------------------------------------------------------------------------------------------------
                   State |                     New Encoding |                Previous Encoding 
---------------------------------------------------------------------------------------------------
                    idle |                                0 |                               00
               ld_araddr |                                1 |                               10
---------------------------------------------------------------------------------------------------
INFO: [Synth 8-3354] encoded FSM with state register 'GEN_NO_RD_CMD_OPT.GEN_AR_DUAL.rd_addr_sm_cs_reg' using encoding 'sequential' in module 'rd_chnl'
---------------------------------------------------------------------------------------------------
                   State |                     New Encoding |                Previous Encoding 
---------------------------------------------------------------------------------------------------
                    idle |                              000 |                              000
          w8_throttle_b2 |                              001 |                              101
             w8_throttle |                              010 |                              010
        w8_2nd_last_data |                              011 |                              011
            w8_last_data |                              100 |                              100
---------------------------------------------------------------------------------------------------
INFO: [Synth 8-3354] encoded FSM with state register 'GEN_NO_RD_CMD_OPT.rlast_sm_cs_reg' using encoding 'sequential' in module 'rd_chnl'
---------------------------------------------------------------------------------------------------
                   State |                     New Encoding |                Previous Encoding 
---------------------------------------------------------------------------------------------------
                    idle |                             0000 |                             0000
                sng_addr |                             0001 |                             0011
                sec_addr |                             0010 |                             0100
               full_pipe |                             0011 |                             0101
           full_throttle |                             0100 |                             0110
               last_addr |                             0101 |                             0111
           last_throttle |                             0110 |                             1000
               last_data |                             0111 |                             1001
       last_data_ar_pend |                             1000 |                             1010
---------------------------------------------------------------------------------------------------
INFO: [Synth 8-3354] encoded FSM with state register 'GEN_NO_RD_CMD_OPT.rd_data_sm_cs_reg' using encoding 'sequential' in module 'rd_chnl'
---------------------------------------------------------------------------------
Finished RTL Optimization Phase 2 : Time (s): cpu = 00:00:15 ; elapsed = 00:00:18 . Memory (MB): peak = 3525.582 ; gain = 630.230 ; free physical = 628 ; free virtual = 48654
---------------------------------------------------------------------------------
---------------------------------------------------------------------------------
Start RTL Component Statistics 
---------------------------------------------------------------------------------
Detailed RTL Component Info : 
+---Adders : 
	   2 Input   10 Bit       Adders := 2     
	   2 Input    8 Bit       Adders := 1     
	   2 Input    3 Bit       Adders := 2     
+---XORs : 
	   2 Input      1 Bit         XORs := 4     
+---Registers : 
	               32 Bit    Registers := 1     
	               11 Bit    Registers := 2     
	               10 Bit    Registers := 2     
	                8 Bit    Registers := 3     
	                4 Bit    Registers := 1     
	                3 Bit    Registers := 5     
	                2 Bit    Registers := 4     
	                1 Bit    Registers := 156   
+---Muxes : 
	   2 Input   32 Bit        Muxes := 1     
	   5 Input   11 Bit        Muxes := 2     
	   2 Input   11 Bit        Muxes := 8     
	   2 Input   10 Bit        Muxes := 1     
	   2 Input    8 Bit        Muxes := 4     
	   9 Input    4 Bit        Muxes := 1     
	   2 Input    4 Bit        Muxes := 10    
	   8 Input    3 Bit        Muxes := 2     
	   5 Input    3 Bit        Muxes := 2     
	   2 Input    3 Bit        Muxes := 11    
	   4 Input    2 Bit        Muxes := 2     
	   3 Input    2 Bit        Muxes := 2     
	   2 Input    2 Bit        Muxes := 2     
	   2 Input    1 Bit        Muxes := 85    
	   5 Input    1 Bit        Muxes := 15    
	   3 Input    1 Bit        Muxes := 1     
	   9 Input    1 Bit        Muxes := 24    
---------------------------------------------------------------------------------
Finished RTL Component Statistics 
---------------------------------------------------------------------------------
---------------------------------------------------------------------------------
Start Part Resource Summary
---------------------------------------------------------------------------------
Part Resources:
DSPs: 160 (col length:80)
BRAMs: 240 (col length: RAMB18 80 RAMB36 40)
---------------------------------------------------------------------------------
Finished Part Resource Summary
---------------------------------------------------------------------------------
---------------------------------------------------------------------------------
Start Cross Boundary and Area Optimization
---------------------------------------------------------------------------------
WARNING: [Synth 8-7080] Parallel synthesis criteria is not met
INFO: [Synth 8-3332] Sequential element (gext_inst.abcv4_0_ext_inst/GEN_AXI4.I_FULL_AXI/I_WR_CHNL/BID_FIFO/Data_Exists_DFF) is unused and will be removed from module axi_bram_ctrl.
INFO: [Synth 8-3332] Sequential element (gext_inst.abcv4_0_ext_inst/GEN_AXI4.I_FULL_AXI/I_WR_CHNL/BID_FIFO/Addr_Counters[0].FDRE_I) is unused and will be removed from module axi_bram_ctrl.
INFO: [Synth 8-3332] Sequential element (gext_inst.abcv4_0_ext_inst/GEN_AXI4.I_FULL_AXI/I_WR_CHNL/BID_FIFO/Addr_Counters[1].FDRE_I) is unused and will be removed from module axi_bram_ctrl.
INFO: [Synth 8-3332] Sequential element (gext_inst.abcv4_0_ext_inst/GEN_AXI4.I_FULL_AXI/I_WR_CHNL/BID_FIFO/Addr_Counters[2].FDRE_I) is unused and will be removed from module axi_bram_ctrl.
INFO: [Synth 8-3332] Sequential element (gext_inst.abcv4_0_ext_inst/GEN_AXI4.I_FULL_AXI/I_WR_CHNL/BID_FIFO/Addr_Counters[3].FDRE_I) is unused and will be removed from module axi_bram_ctrl.
---------------------------------------------------------------------------------
Finished Cross Boundary and Area Optimization : Time (s): cpu = 00:00:18 ; elapsed = 00:00:20 . Memory (MB): peak = 3525.582 ; gain = 630.230 ; free physical = 671 ; free virtual = 48443
---------------------------------------------------------------------------------
---------------------------------------------------------------------------------
Start Applying XDC Timing Constraints
---------------------------------------------------------------------------------
---------------------------------------------------------------------------------
Finished Applying XDC Timing Constraints : Time (s): cpu = 00:00:22 ; elapsed = 00:00:25 . Memory (MB): peak = 3525.582 ; gain = 630.230 ; free physical = 666 ; free virtual = 48269
---------------------------------------------------------------------------------
---------------------------------------------------------------------------------
Start Timing Optimization
---------------------------------------------------------------------------------
---------------------------------------------------------------------------------
Finished Timing Optimization : Time (s): cpu = 00:00:23 ; elapsed = 00:00:26 . Memory (MB): peak = 3525.582 ; gain = 630.230 ; free physical = 1018 ; free virtual = 48245
---------------------------------------------------------------------------------
---------------------------------------------------------------------------------
Start Technology Mapping
---------------------------------------------------------------------------------
---------------------------------------------------------------------------------
Finished Technology Mapping : Time (s): cpu = 00:00:24 ; elapsed = 00:00:26 . Memory (MB): peak = 3525.582 ; gain = 630.230 ; free physical = 1018 ; free virtual = 48245
---------------------------------------------------------------------------------
---------------------------------------------------------------------------------
Start IO Insertion
---------------------------------------------------------------------------------
---------------------------------------------------------------------------------
Start Flattening Before IO Insertion
---------------------------------------------------------------------------------
---------------------------------------------------------------------------------
Finished Flattening Before IO Insertion
---------------------------------------------------------------------------------
---------------------------------------------------------------------------------
Start Final Netlist Cleanup
---------------------------------------------------------------------------------
---------------------------------------------------------------------------------
Finished Final Netlist Cleanup
---------------------------------------------------------------------------------
---------------------------------------------------------------------------------
Finished IO Insertion : Time (s): cpu = 00:00:27 ; elapsed = 00:00:30 . Memory (MB): peak = 3525.582 ; gain = 630.230 ; free physical = 2092 ; free virtual = 49251
---------------------------------------------------------------------------------
---------------------------------------------------------------------------------
Start Renaming Generated Instances
---------------------------------------------------------------------------------
---------------------------------------------------------------------------------
Finished Renaming Generated Instances : Time (s): cpu = 00:00:27 ; elapsed = 00:00:30 . Memory (MB): peak = 3525.582 ; gain = 630.230 ; free physical = 2137 ; free virtual = 49295
---------------------------------------------------------------------------------
---------------------------------------------------------------------------------
Start Rebuilding User Hierarchy
---------------------------------------------------------------------------------
---------------------------------------------------------------------------------
Finished Rebuilding User Hierarchy : Time (s): cpu = 00:00:27 ; elapsed = 00:00:30 . Memory (MB): peak = 3525.582 ; gain = 630.230 ; free physical = 2639 ; free virtual = 49798
---------------------------------------------------------------------------------
---------------------------------------------------------------------------------
Start Renaming Generated Ports
---------------------------------------------------------------------------------
---------------------------------------------------------------------------------
Finished Renaming Generated Ports : Time (s): cpu = 00:00:27 ; elapsed = 00:00:30 . Memory (MB): peak = 3525.582 ; gain = 630.230 ; free physical = 2639 ; free virtual = 49798
---------------------------------------------------------------------------------
---------------------------------------------------------------------------------
Start Handling Custom Attributes
---------------------------------------------------------------------------------
---------------------------------------------------------------------------------
Finished Handling Custom Attributes : Time (s): cpu = 00:00:27 ; elapsed = 00:00:30 . Memory (MB): peak = 3525.582 ; gain = 630.230 ; free physical = 2639 ; free virtual = 49798
---------------------------------------------------------------------------------
---------------------------------------------------------------------------------
Start Renaming Generated Nets
---------------------------------------------------------------------------------
---------------------------------------------------------------------------------
Finished Renaming Generated Nets : Time (s): cpu = 00:00:27 ; elapsed = 00:00:30 . Memory (MB): peak = 3525.582 ; gain = 630.230 ; free physical = 2639 ; free virtual = 49798
---------------------------------------------------------------------------------
---------------------------------------------------------------------------------
Start Writing Synthesis Report
---------------------------------------------------------------------------------

Report BlackBoxes: 
+-+--------------+----------+
| |BlackBox name |Instances |
+-+--------------+----------+
+-+--------------+----------+

Report Cell Usage: 
+------+-----+------+
|      |Cell |Count |
+------+-----+------+
|1     |LUT1 |     3|
|2     |LUT2 |    27|
|3     |LUT3 |    76|
|4     |LUT4 |    44|
|5     |LUT5 |    63|
|6     |LUT6 |   139|
|7     |FDRE |   266|
+------+-----+------+
---------------------------------------------------------------------------------
Finished Writing Synthesis Report : Time (s): cpu = 00:00:27 ; elapsed = 00:00:30 . Memory (MB): peak = 3525.582 ; gain = 630.230 ; free physical = 2642 ; free virtual = 49801
---------------------------------------------------------------------------------
Synthesis finished with 0 errors, 0 critical warnings and 156 warnings.
Synthesis Optimization Runtime : Time (s): cpu = 00:00:26 ; elapsed = 00:00:28 . Memory (MB): peak = 3525.582 ; gain = 493.480 ; free physical = 2640 ; free virtual = 49799
Synthesis Optimization Complete : Time (s): cpu = 00:00:27 ; elapsed = 00:00:30 . Memory (MB): peak = 3525.582 ; gain = 630.230 ; free physical = 2640 ; free virtual = 49799
INFO: [Project 1-571] Translating synthesized netlist
Netlist sorting complete. Time (s): cpu = 00:00:00.01 ; elapsed = 00:00:00.01 . Memory (MB): peak = 3525.582 ; gain = 0.000 ; free physical = 2638 ; free virtual = 49797
INFO: [Project 1-570] Preparing netlist for logic optimization
INFO: [Opt 31-138] Pushed 0 inverter(s) to 0 load pin(s).
Netlist sorting complete. Time (s): cpu = 00:00:00 ; elapsed = 00:00:00 . Memory (MB): peak = 3525.582 ; gain = 0.000 ; free physical = 2858 ; free virtual = 50016
INFO: [Project 1-111] Unisim Transformation Summary:
No Unisim elements were transformed.

Synth Design complete | Checksum: fb05aa60
INFO: [Common 17-83] Releasing license: Synthesis
74 Infos, 107 Warnings, 0 Critical Warnings and 0 Errors encountered.
synth_design completed successfully
synth_design: Time (s): cpu = 00:00:35 ; elapsed = 00:00:35 . Memory (MB): peak = 3525.582 ; gain = 958.176 ; free physical = 2842 ; free virtual = 49999
INFO: [Common 17-2834] synth_design peak Physical Memory [PSS] (MB): overall = 2653.741; main = 2395.145; forked = 259.355
INFO: [Common 17-2834] synth_design peak Virtual Memory [VSS] (MB): overall = 4761.039; main = 3525.582; forked = 1267.473
INFO: [Common 17-1381] The checkpoint '/home/r-yamashita/bootLoader/MicroBlaze-Tutorial/microblaze_tutorial_sp701/microblaze_tutorial_sp701.runs/mb_subsystem_axi_bram_ctrl_0_0_synth_1/mb_subsystem_axi_bram_ctrl_0_0.dcp' has been generated.
INFO: [Coretcl 2-1648] Added synthesis output to IP cache for IP mb_subsystem_axi_bram_ctrl_0_0, cache-ID = 4e3478a1914fd9ac
INFO: [Coretcl 2-1174] Renamed 7 cell refs.
INFO: [Common 17-1381] The checkpoint '/home/r-yamashita/bootLoader/MicroBlaze-Tutorial/microblaze_tutorial_sp701/microblaze_tutorial_sp701.runs/mb_subsystem_axi_bram_ctrl_0_0_synth_1/mb_subsystem_axi_bram_ctrl_0_0.dcp' has been generated.
INFO: [runtcl-4] Executing : report_utilization -file mb_subsystem_axi_bram_ctrl_0_0_utilization_synth.rpt -pb mb_subsystem_axi_bram_ctrl_0_0_utilization_synth.pb
INFO: [Common 17-206] Exiting Vivado at Thu Jun  1 19:49:54 2023...
