
*** Running vivado
    with args -log mb_subsystem_xbar_0.vds -m64 -product Vivado -mode batch -messageDb vivado.pb -notrace -source mb_subsystem_xbar_0.tcl


****** Vivado v2023.1 (64-bit)
  **** SW Build 3865809 on Sun May  7 15:04:56 MDT 2023
  **** IP Build 3864474 on Sun May  7 20:36:21 MDT 2023
  **** SharedData Build 3865790 on Sun May 07 13:33:03 MDT 2023
    ** Copyright 1986-2022 Xilinx, Inc. All Rights Reserved.
    ** Copyright 2022-2023 Advanced Micro Devices, Inc. All Rights Reserved.

source mb_subsystem_xbar_0.tcl -notrace
create_project: Time (s): cpu = 00:00:09 ; elapsed = 00:00:09 . Memory (MB): peak = 2537.094 ; gain = 115.016 ; free physical = 634 ; free virtual = 65049
INFO: [IP_Flow 19-6924] IPCACHE: Running cache check for IP inst: mb_subsystem_xbar_0
Command: synth_design -top mb_subsystem_xbar_0 -part xc7s100fgga676-2 -incremental_mode off -mode out_of_context
Starting synth_design
Attempting to get a license for feature 'Synthesis' and/or device 'xc7s100'
INFO: [Common 17-349] Got license for feature 'Synthesis' and/or device 'xc7s100'
INFO: [Device 21-403] Loading part xc7s100fgga676-2
INFO: [Synth 8-7079] Multithreading enabled for synth_design using a maximum of 4 processes.
INFO: [Synth 8-7078] Launching helper process for spawning children vivado processes
INFO: [Synth 8-7075] Helper process launched with PID 45365
---------------------------------------------------------------------------------
Starting RTL Elaboration : Time (s): cpu = 00:00:07 ; elapsed = 00:00:09 . Memory (MB): peak = 3281.555 ; gain = 376.762 ; free physical = 615 ; free virtual = 50174
---------------------------------------------------------------------------------
INFO: [Synth 8-6157] synthesizing module 'mb_subsystem_xbar_0' [/home/r-yamashita/bootLoader/MicroBlaze-Tutorial/microblaze_tutorial_sp701/microblaze_tutorial_sp701.gen/sources_1/bd/mb_subsystem/ip/mb_subsystem_xbar_0/synth/mb_subsystem_xbar_0.v:53]
INFO: [Synth 8-6157] synthesizing module 'axi_crossbar_v2_1_29_axi_crossbar' [/home/r-yamashita/bootLoader/MicroBlaze-Tutorial/microblaze_tutorial_sp701/microblaze_tutorial_sp701.gen/sources_1/bd/mb_subsystem/ipshared/f8f3/hdl/axi_crossbar_v2_1_vl_rfs.v:4883]
INFO: [Synth 8-6157] synthesizing module 'axi_crossbar_v2_1_29_crossbar_sasd' [/home/r-yamashita/bootLoader/MicroBlaze-Tutorial/microblaze_tutorial_sp701/microblaze_tutorial_sp701.gen/sources_1/bd/mb_subsystem/ipshared/f8f3/hdl/axi_crossbar_v2_1_vl_rfs.v:1239]
INFO: [Synth 8-6157] synthesizing module 'axi_crossbar_v2_1_29_addr_decoder' [/home/r-yamashita/bootLoader/MicroBlaze-Tutorial/microblaze_tutorial_sp701/microblaze_tutorial_sp701.gen/sources_1/bd/mb_subsystem/ipshared/f8f3/hdl/axi_crossbar_v2_1_vl_rfs.v:793]
INFO: [Synth 8-6157] synthesizing module 'generic_baseblocks_v2_1_0_comparator_static' [/home/r-yamashita/bootLoader/MicroBlaze-Tutorial/microblaze_tutorial_sp701/microblaze_tutorial_sp701.gen/sources_1/bd/mb_subsystem/ipshared/b752/hdl/generic_baseblocks_v2_1_vl_rfs.v:2132]
INFO: [Synth 8-6157] synthesizing module 'generic_baseblocks_v2_1_0_carry_and' [/home/r-yamashita/bootLoader/MicroBlaze-Tutorial/microblaze_tutorial_sp701/microblaze_tutorial_sp701.gen/sources_1/bd/mb_subsystem/ipshared/b752/hdl/generic_baseblocks_v2_1_vl_rfs.v:61]
INFO: [Synth 8-6155] done synthesizing module 'generic_baseblocks_v2_1_0_carry_and' (0#1) [/home/r-yamashita/bootLoader/MicroBlaze-Tutorial/microblaze_tutorial_sp701/microblaze_tutorial_sp701.gen/sources_1/bd/mb_subsystem/ipshared/b752/hdl/generic_baseblocks_v2_1_vl_rfs.v:61]
INFO: [Synth 8-6155] done synthesizing module 'generic_baseblocks_v2_1_0_comparator_static' (0#1) [/home/r-yamashita/bootLoader/MicroBlaze-Tutorial/microblaze_tutorial_sp701/microblaze_tutorial_sp701.gen/sources_1/bd/mb_subsystem/ipshared/b752/hdl/generic_baseblocks_v2_1_vl_rfs.v:2132]
INFO: [Synth 8-6157] synthesizing module 'generic_baseblocks_v2_1_0_comparator_static__parameterized0' [/home/r-yamashita/bootLoader/MicroBlaze-Tutorial/microblaze_tutorial_sp701/microblaze_tutorial_sp701.gen/sources_1/bd/mb_subsystem/ipshared/b752/hdl/generic_baseblocks_v2_1_vl_rfs.v:2132]
INFO: [Synth 8-6155] done synthesizing module 'generic_baseblocks_v2_1_0_comparator_static__parameterized0' (0#1) [/home/r-yamashita/bootLoader/MicroBlaze-Tutorial/microblaze_tutorial_sp701/microblaze_tutorial_sp701.gen/sources_1/bd/mb_subsystem/ipshared/b752/hdl/generic_baseblocks_v2_1_vl_rfs.v:2132]
INFO: [Synth 8-6155] done synthesizing module 'axi_crossbar_v2_1_29_addr_decoder' (0#1) [/home/r-yamashita/bootLoader/MicroBlaze-Tutorial/microblaze_tutorial_sp701/microblaze_tutorial_sp701.gen/sources_1/bd/mb_subsystem/ipshared/f8f3/hdl/axi_crossbar_v2_1_vl_rfs.v:793]
INFO: [Synth 8-6157] synthesizing module 'axi_crossbar_v2_1_29_decerr_slave' [/home/r-yamashita/bootLoader/MicroBlaze-Tutorial/microblaze_tutorial_sp701/microblaze_tutorial_sp701.gen/sources_1/bd/mb_subsystem/ipshared/f8f3/hdl/axi_crossbar_v2_1_vl_rfs.v:3500]
INFO: [Synth 8-6155] done synthesizing module 'axi_crossbar_v2_1_29_decerr_slave' (0#1) [/home/r-yamashita/bootLoader/MicroBlaze-Tutorial/microblaze_tutorial_sp701/microblaze_tutorial_sp701.gen/sources_1/bd/mb_subsystem/ipshared/f8f3/hdl/axi_crossbar_v2_1_vl_rfs.v:3500]
INFO: [Synth 8-6157] synthesizing module 'axi_crossbar_v2_1_29_addr_arbiter_sasd' [/home/r-yamashita/bootLoader/MicroBlaze-Tutorial/microblaze_tutorial_sp701/microblaze_tutorial_sp701.gen/sources_1/bd/mb_subsystem/ipshared/f8f3/hdl/axi_crossbar_v2_1_vl_rfs.v:64]
INFO: [Synth 8-6155] done synthesizing module 'axi_crossbar_v2_1_29_addr_arbiter_sasd' (0#1) [/home/r-yamashita/bootLoader/MicroBlaze-Tutorial/microblaze_tutorial_sp701/microblaze_tutorial_sp701.gen/sources_1/bd/mb_subsystem/ipshared/f8f3/hdl/axi_crossbar_v2_1_vl_rfs.v:64]
INFO: [Synth 8-6157] synthesizing module 'axi_crossbar_v2_1_29_splitter' [/home/r-yamashita/bootLoader/MicroBlaze-Tutorial/microblaze_tutorial_sp701/microblaze_tutorial_sp701.gen/sources_1/bd/mb_subsystem/ipshared/f8f3/hdl/axi_crossbar_v2_1_vl_rfs.v:4460]
INFO: [Synth 8-6155] done synthesizing module 'axi_crossbar_v2_1_29_splitter' (0#1) [/home/r-yamashita/bootLoader/MicroBlaze-Tutorial/microblaze_tutorial_sp701/microblaze_tutorial_sp701.gen/sources_1/bd/mb_subsystem/ipshared/f8f3/hdl/axi_crossbar_v2_1_vl_rfs.v:4460]
INFO: [Synth 8-6157] synthesizing module 'axi_crossbar_v2_1_29_splitter__parameterized0' [/home/r-yamashita/bootLoader/MicroBlaze-Tutorial/microblaze_tutorial_sp701/microblaze_tutorial_sp701.gen/sources_1/bd/mb_subsystem/ipshared/f8f3/hdl/axi_crossbar_v2_1_vl_rfs.v:4460]
INFO: [Synth 8-6155] done synthesizing module 'axi_crossbar_v2_1_29_splitter__parameterized0' (0#1) [/home/r-yamashita/bootLoader/MicroBlaze-Tutorial/microblaze_tutorial_sp701/microblaze_tutorial_sp701.gen/sources_1/bd/mb_subsystem/ipshared/f8f3/hdl/axi_crossbar_v2_1_vl_rfs.v:4460]
INFO: [Synth 8-6157] synthesizing module 'generic_baseblocks_v2_1_0_mux_enc' [/home/r-yamashita/bootLoader/MicroBlaze-Tutorial/microblaze_tutorial_sp701/microblaze_tutorial_sp701.gen/sources_1/bd/mb_subsystem/ipshared/b752/hdl/generic_baseblocks_v2_1_vl_rfs.v:2451]
INFO: [Synth 8-6155] done synthesizing module 'generic_baseblocks_v2_1_0_mux_enc' (0#1) [/home/r-yamashita/bootLoader/MicroBlaze-Tutorial/microblaze_tutorial_sp701/microblaze_tutorial_sp701.gen/sources_1/bd/mb_subsystem/ipshared/b752/hdl/generic_baseblocks_v2_1_vl_rfs.v:2451]
INFO: [Synth 8-6157] synthesizing module 'generic_baseblocks_v2_1_0_mux_enc__parameterized0' [/home/r-yamashita/bootLoader/MicroBlaze-Tutorial/microblaze_tutorial_sp701/microblaze_tutorial_sp701.gen/sources_1/bd/mb_subsystem/ipshared/b752/hdl/generic_baseblocks_v2_1_vl_rfs.v:2451]
INFO: [Synth 8-6155] done synthesizing module 'generic_baseblocks_v2_1_0_mux_enc__parameterized0' (0#1) [/home/r-yamashita/bootLoader/MicroBlaze-Tutorial/microblaze_tutorial_sp701/microblaze_tutorial_sp701.gen/sources_1/bd/mb_subsystem/ipshared/b752/hdl/generic_baseblocks_v2_1_vl_rfs.v:2451]
INFO: [Synth 8-6157] synthesizing module 'generic_baseblocks_v2_1_0_mux_enc__parameterized1' [/home/r-yamashita/bootLoader/MicroBlaze-Tutorial/microblaze_tutorial_sp701/microblaze_tutorial_sp701.gen/sources_1/bd/mb_subsystem/ipshared/b752/hdl/generic_baseblocks_v2_1_vl_rfs.v:2451]
INFO: [Synth 8-6155] done synthesizing module 'generic_baseblocks_v2_1_0_mux_enc__parameterized1' (0#1) [/home/r-yamashita/bootLoader/MicroBlaze-Tutorial/microblaze_tutorial_sp701/microblaze_tutorial_sp701.gen/sources_1/bd/mb_subsystem/ipshared/b752/hdl/generic_baseblocks_v2_1_vl_rfs.v:2451]
INFO: [Synth 8-6157] synthesizing module 'axi_register_slice_v2_1_28_axic_register_slice' [/home/r-yamashita/bootLoader/MicroBlaze-Tutorial/microblaze_tutorial_sp701/microblaze_tutorial_sp701.gen/sources_1/bd/mb_subsystem/ipshared/87d1/hdl/axi_register_slice_v2_1_vl_rfs.v:1497]
INFO: [Synth 8-6155] done synthesizing module 'axi_register_slice_v2_1_28_axic_register_slice' (0#1) [/home/r-yamashita/bootLoader/MicroBlaze-Tutorial/microblaze_tutorial_sp701/microblaze_tutorial_sp701.gen/sources_1/bd/mb_subsystem/ipshared/87d1/hdl/axi_register_slice_v2_1_vl_rfs.v:1497]
INFO: [Synth 8-6157] synthesizing module 'generic_baseblocks_v2_1_0_mux_enc__parameterized2' [/home/r-yamashita/bootLoader/MicroBlaze-Tutorial/microblaze_tutorial_sp701/microblaze_tutorial_sp701.gen/sources_1/bd/mb_subsystem/ipshared/b752/hdl/generic_baseblocks_v2_1_vl_rfs.v:2451]
INFO: [Synth 8-6155] done synthesizing module 'generic_baseblocks_v2_1_0_mux_enc__parameterized2' (0#1) [/home/r-yamashita/bootLoader/MicroBlaze-Tutorial/microblaze_tutorial_sp701/microblaze_tutorial_sp701.gen/sources_1/bd/mb_subsystem/ipshared/b752/hdl/generic_baseblocks_v2_1_vl_rfs.v:2451]
INFO: [Synth 8-6155] done synthesizing module 'axi_crossbar_v2_1_29_crossbar_sasd' (0#1) [/home/r-yamashita/bootLoader/MicroBlaze-Tutorial/microblaze_tutorial_sp701/microblaze_tutorial_sp701.gen/sources_1/bd/mb_subsystem/ipshared/f8f3/hdl/axi_crossbar_v2_1_vl_rfs.v:1239]
INFO: [Synth 8-6155] done synthesizing module 'axi_crossbar_v2_1_29_axi_crossbar' (0#1) [/home/r-yamashita/bootLoader/MicroBlaze-Tutorial/microblaze_tutorial_sp701/microblaze_tutorial_sp701.gen/sources_1/bd/mb_subsystem/ipshared/f8f3/hdl/axi_crossbar_v2_1_vl_rfs.v:4883]
INFO: [Synth 8-6155] done synthesizing module 'mb_subsystem_xbar_0' (0#1) [/home/r-yamashita/bootLoader/MicroBlaze-Tutorial/microblaze_tutorial_sp701/microblaze_tutorial_sp701.gen/sources_1/bd/mb_subsystem/ip/mb_subsystem_xbar_0/synth/mb_subsystem_xbar_0.v:53]
WARNING: [Synth 8-6014] Unused sequential element gen_debug_trans_seq.debug_aw_trans_seq_i_reg was removed.  [/home/r-yamashita/bootLoader/MicroBlaze-Tutorial/microblaze_tutorial_sp701/microblaze_tutorial_sp701.gen/sources_1/bd/mb_subsystem/ipshared/f8f3/hdl/axi_crossbar_v2_1_vl_rfs.v:2056]
WARNING: [Synth 8-6014] Unused sequential element gen_debug_trans_seq.debug_ar_trans_seq_i_reg was removed.  [/home/r-yamashita/bootLoader/MicroBlaze-Tutorial/microblaze_tutorial_sp701/microblaze_tutorial_sp701.gen/sources_1/bd/mb_subsystem/ipshared/f8f3/hdl/axi_crossbar_v2_1_vl_rfs.v:2067]
WARNING: [Synth 8-6014] Unused sequential element gen_debug_trans_seq.debug_w_beat_cnt_i_reg was removed.  [/home/r-yamashita/bootLoader/MicroBlaze-Tutorial/microblaze_tutorial_sp701/microblaze_tutorial_sp701.gen/sources_1/bd/mb_subsystem/ipshared/f8f3/hdl/axi_crossbar_v2_1_vl_rfs.v:2078]
WARNING: [Synth 8-6014] Unused sequential element gen_debug_trans_seq.debug_r_beat_cnt_i_reg was removed.  [/home/r-yamashita/bootLoader/MicroBlaze-Tutorial/microblaze_tutorial_sp701/microblaze_tutorial_sp701.gen/sources_1/bd/mb_subsystem/ipshared/f8f3/hdl/axi_crossbar_v2_1_vl_rfs.v:2091]
WARNING: [Synth 8-7129] Port S[0] in module generic_baseblocks_v2_1_0_mux_enc__parameterized0 is either unconnected or has no load
WARNING: [Synth 8-7129] Port S_AXI_AWID[0] in module axi_crossbar_v2_1_29_decerr_slave is either unconnected or has no load
WARNING: [Synth 8-7129] Port S_AXI_WLAST in module axi_crossbar_v2_1_29_decerr_slave is either unconnected or has no load
WARNING: [Synth 8-7129] Port S_AXI_ARID[0] in module axi_crossbar_v2_1_29_decerr_slave is either unconnected or has no load
WARNING: [Synth 8-7129] Port S_AXI_ARLEN[7] in module axi_crossbar_v2_1_29_decerr_slave is either unconnected or has no load
WARNING: [Synth 8-7129] Port S_AXI_ARLEN[6] in module axi_crossbar_v2_1_29_decerr_slave is either unconnected or has no load
WARNING: [Synth 8-7129] Port S_AXI_ARLEN[5] in module axi_crossbar_v2_1_29_decerr_slave is either unconnected or has no load
WARNING: [Synth 8-7129] Port S_AXI_ARLEN[4] in module axi_crossbar_v2_1_29_decerr_slave is either unconnected or has no load
WARNING: [Synth 8-7129] Port S_AXI_ARLEN[3] in module axi_crossbar_v2_1_29_decerr_slave is either unconnected or has no load
WARNING: [Synth 8-7129] Port S_AXI_ARLEN[2] in module axi_crossbar_v2_1_29_decerr_slave is either unconnected or has no load
WARNING: [Synth 8-7129] Port S_AXI_ARLEN[1] in module axi_crossbar_v2_1_29_decerr_slave is either unconnected or has no load
WARNING: [Synth 8-7129] Port S_AXI_ARLEN[0] in module axi_crossbar_v2_1_29_decerr_slave is either unconnected or has no load
WARNING: [Synth 8-7129] Port ADDR[1] in module axi_crossbar_v2_1_29_addr_decoder is either unconnected or has no load
WARNING: [Synth 8-7129] Port ADDR[0] in module axi_crossbar_v2_1_29_addr_decoder is either unconnected or has no load
WARNING: [Synth 8-7129] Port S_AXI_AWID[0] in module axi_crossbar_v2_1_29_crossbar_sasd is either unconnected or has no load
WARNING: [Synth 8-7129] Port S_AXI_ARID[0] in module axi_crossbar_v2_1_29_crossbar_sasd is either unconnected or has no load
WARNING: [Synth 8-7129] Port M_AXI_BID[1] in module axi_crossbar_v2_1_29_crossbar_sasd is either unconnected or has no load
WARNING: [Synth 8-7129] Port M_AXI_BID[0] in module axi_crossbar_v2_1_29_crossbar_sasd is either unconnected or has no load
WARNING: [Synth 8-7129] Port M_AXI_RID[1] in module axi_crossbar_v2_1_29_crossbar_sasd is either unconnected or has no load
WARNING: [Synth 8-7129] Port M_AXI_RID[0] in module axi_crossbar_v2_1_29_crossbar_sasd is either unconnected or has no load
WARNING: [Synth 8-7129] Port s_axi_awid[0] in module axi_crossbar_v2_1_29_axi_crossbar is either unconnected or has no load
WARNING: [Synth 8-7129] Port s_axi_awlen[7] in module axi_crossbar_v2_1_29_axi_crossbar is either unconnected or has no load
WARNING: [Synth 8-7129] Port s_axi_awlen[6] in module axi_crossbar_v2_1_29_axi_crossbar is either unconnected or has no load
WARNING: [Synth 8-7129] Port s_axi_awlen[5] in module axi_crossbar_v2_1_29_axi_crossbar is either unconnected or has no load
WARNING: [Synth 8-7129] Port s_axi_awlen[4] in module axi_crossbar_v2_1_29_axi_crossbar is either unconnected or has no load
WARNING: [Synth 8-7129] Port s_axi_awlen[3] in module axi_crossbar_v2_1_29_axi_crossbar is either unconnected or has no load
WARNING: [Synth 8-7129] Port s_axi_awlen[2] in module axi_crossbar_v2_1_29_axi_crossbar is either unconnected or has no load
WARNING: [Synth 8-7129] Port s_axi_awlen[1] in module axi_crossbar_v2_1_29_axi_crossbar is either unconnected or has no load
WARNING: [Synth 8-7129] Port s_axi_awlen[0] in module axi_crossbar_v2_1_29_axi_crossbar is either unconnected or has no load
WARNING: [Synth 8-7129] Port s_axi_awsize[2] in module axi_crossbar_v2_1_29_axi_crossbar is either unconnected or has no load
WARNING: [Synth 8-7129] Port s_axi_awsize[1] in module axi_crossbar_v2_1_29_axi_crossbar is either unconnected or has no load
WARNING: [Synth 8-7129] Port s_axi_awsize[0] in module axi_crossbar_v2_1_29_axi_crossbar is either unconnected or has no load
WARNING: [Synth 8-7129] Port s_axi_awburst[1] in module axi_crossbar_v2_1_29_axi_crossbar is either unconnected or has no load
WARNING: [Synth 8-7129] Port s_axi_awburst[0] in module axi_crossbar_v2_1_29_axi_crossbar is either unconnected or has no load
WARNING: [Synth 8-7129] Port s_axi_awlock[0] in module axi_crossbar_v2_1_29_axi_crossbar is either unconnected or has no load
WARNING: [Synth 8-7129] Port s_axi_awcache[3] in module axi_crossbar_v2_1_29_axi_crossbar is either unconnected or has no load
WARNING: [Synth 8-7129] Port s_axi_awcache[2] in module axi_crossbar_v2_1_29_axi_crossbar is either unconnected or has no load
WARNING: [Synth 8-7129] Port s_axi_awcache[1] in module axi_crossbar_v2_1_29_axi_crossbar is either unconnected or has no load
WARNING: [Synth 8-7129] Port s_axi_awcache[0] in module axi_crossbar_v2_1_29_axi_crossbar is either unconnected or has no load
WARNING: [Synth 8-7129] Port s_axi_awqos[3] in module axi_crossbar_v2_1_29_axi_crossbar is either unconnected or has no load
WARNING: [Synth 8-7129] Port s_axi_awqos[2] in module axi_crossbar_v2_1_29_axi_crossbar is either unconnected or has no load
WARNING: [Synth 8-7129] Port s_axi_awqos[1] in module axi_crossbar_v2_1_29_axi_crossbar is either unconnected or has no load
WARNING: [Synth 8-7129] Port s_axi_awqos[0] in module axi_crossbar_v2_1_29_axi_crossbar is either unconnected or has no load
WARNING: [Synth 8-7129] Port s_axi_awuser[0] in module axi_crossbar_v2_1_29_axi_crossbar is either unconnected or has no load
WARNING: [Synth 8-7129] Port s_axi_wid[0] in module axi_crossbar_v2_1_29_axi_crossbar is either unconnected or has no load
WARNING: [Synth 8-7129] Port s_axi_wlast[0] in module axi_crossbar_v2_1_29_axi_crossbar is either unconnected or has no load
WARNING: [Synth 8-7129] Port s_axi_wuser[0] in module axi_crossbar_v2_1_29_axi_crossbar is either unconnected or has no load
WARNING: [Synth 8-7129] Port s_axi_arid[0] in module axi_crossbar_v2_1_29_axi_crossbar is either unconnected or has no load
WARNING: [Synth 8-7129] Port s_axi_arlen[7] in module axi_crossbar_v2_1_29_axi_crossbar is either unconnected or has no load
WARNING: [Synth 8-7129] Port s_axi_arlen[6] in module axi_crossbar_v2_1_29_axi_crossbar is either unconnected or has no load
WARNING: [Synth 8-7129] Port s_axi_arlen[5] in module axi_crossbar_v2_1_29_axi_crossbar is either unconnected or has no load
WARNING: [Synth 8-7129] Port s_axi_arlen[4] in module axi_crossbar_v2_1_29_axi_crossbar is either unconnected or has no load
WARNING: [Synth 8-7129] Port s_axi_arlen[3] in module axi_crossbar_v2_1_29_axi_crossbar is either unconnected or has no load
WARNING: [Synth 8-7129] Port s_axi_arlen[2] in module axi_crossbar_v2_1_29_axi_crossbar is either unconnected or has no load
WARNING: [Synth 8-7129] Port s_axi_arlen[1] in module axi_crossbar_v2_1_29_axi_crossbar is either unconnected or has no load
WARNING: [Synth 8-7129] Port s_axi_arlen[0] in module axi_crossbar_v2_1_29_axi_crossbar is either unconnected or has no load
WARNING: [Synth 8-7129] Port s_axi_arsize[2] in module axi_crossbar_v2_1_29_axi_crossbar is either unconnected or has no load
WARNING: [Synth 8-7129] Port s_axi_arsize[1] in module axi_crossbar_v2_1_29_axi_crossbar is either unconnected or has no load
WARNING: [Synth 8-7129] Port s_axi_arsize[0] in module axi_crossbar_v2_1_29_axi_crossbar is either unconnected or has no load
WARNING: [Synth 8-7129] Port s_axi_arburst[1] in module axi_crossbar_v2_1_29_axi_crossbar is either unconnected or has no load
WARNING: [Synth 8-7129] Port s_axi_arburst[0] in module axi_crossbar_v2_1_29_axi_crossbar is either unconnected or has no load
WARNING: [Synth 8-7129] Port s_axi_arlock[0] in module axi_crossbar_v2_1_29_axi_crossbar is either unconnected or has no load
WARNING: [Synth 8-7129] Port s_axi_arcache[3] in module axi_crossbar_v2_1_29_axi_crossbar is either unconnected or has no load
WARNING: [Synth 8-7129] Port s_axi_arcache[2] in module axi_crossbar_v2_1_29_axi_crossbar is either unconnected or has no load
WARNING: [Synth 8-7129] Port s_axi_arcache[1] in module axi_crossbar_v2_1_29_axi_crossbar is either unconnected or has no load
WARNING: [Synth 8-7129] Port s_axi_arcache[0] in module axi_crossbar_v2_1_29_axi_crossbar is either unconnected or has no load
WARNING: [Synth 8-7129] Port s_axi_arqos[3] in module axi_crossbar_v2_1_29_axi_crossbar is either unconnected or has no load
WARNING: [Synth 8-7129] Port s_axi_arqos[2] in module axi_crossbar_v2_1_29_axi_crossbar is either unconnected or has no load
WARNING: [Synth 8-7129] Port s_axi_arqos[1] in module axi_crossbar_v2_1_29_axi_crossbar is either unconnected or has no load
WARNING: [Synth 8-7129] Port s_axi_arqos[0] in module axi_crossbar_v2_1_29_axi_crossbar is either unconnected or has no load
WARNING: [Synth 8-7129] Port s_axi_aruser[0] in module axi_crossbar_v2_1_29_axi_crossbar is either unconnected or has no load
WARNING: [Synth 8-7129] Port m_axi_bid[1] in module axi_crossbar_v2_1_29_axi_crossbar is either unconnected or has no load
WARNING: [Synth 8-7129] Port m_axi_bid[0] in module axi_crossbar_v2_1_29_axi_crossbar is either unconnected or has no load
WARNING: [Synth 8-7129] Port m_axi_buser[1] in module axi_crossbar_v2_1_29_axi_crossbar is either unconnected or has no load
WARNING: [Synth 8-7129] Port m_axi_buser[0] in module axi_crossbar_v2_1_29_axi_crossbar is either unconnected or has no load
WARNING: [Synth 8-7129] Port m_axi_rid[1] in module axi_crossbar_v2_1_29_axi_crossbar is either unconnected or has no load
WARNING: [Synth 8-7129] Port m_axi_rid[0] in module axi_crossbar_v2_1_29_axi_crossbar is either unconnected or has no load
WARNING: [Synth 8-7129] Port m_axi_rlast[1] in module axi_crossbar_v2_1_29_axi_crossbar is either unconnected or has no load
WARNING: [Synth 8-7129] Port m_axi_rlast[0] in module axi_crossbar_v2_1_29_axi_crossbar is either unconnected or has no load
WARNING: [Synth 8-7129] Port m_axi_ruser[1] in module axi_crossbar_v2_1_29_axi_crossbar is either unconnected or has no load
WARNING: [Synth 8-7129] Port m_axi_ruser[0] in module axi_crossbar_v2_1_29_axi_crossbar is either unconnected or has no load
---------------------------------------------------------------------------------
Finished RTL Elaboration : Time (s): cpu = 00:00:11 ; elapsed = 00:00:14 . Memory (MB): peak = 3467.434 ; gain = 562.641 ; free physical = 619 ; free virtual = 49057
---------------------------------------------------------------------------------
---------------------------------------------------------------------------------
Start Handling Custom Attributes
---------------------------------------------------------------------------------
---------------------------------------------------------------------------------
Finished Handling Custom Attributes : Time (s): cpu = 00:00:11 ; elapsed = 00:00:14 . Memory (MB): peak = 3467.434 ; gain = 562.641 ; free physical = 612 ; free virtual = 49043
---------------------------------------------------------------------------------
---------------------------------------------------------------------------------
Finished RTL Optimization Phase 1 : Time (s): cpu = 00:00:11 ; elapsed = 00:00:14 . Memory (MB): peak = 3467.434 ; gain = 562.641 ; free physical = 612 ; free virtual = 49043
---------------------------------------------------------------------------------
Netlist sorting complete. Time (s): cpu = 00:00:00.01 ; elapsed = 00:00:00.01 . Memory (MB): peak = 3467.434 ; gain = 0.000 ; free physical = 603 ; free virtual = 49034
INFO: [Project 1-570] Preparing netlist for logic optimization

Processing XDC Constraints
Initializing timing engine
Parsing XDC File [/home/r-yamashita/bootLoader/MicroBlaze-Tutorial/microblaze_tutorial_sp701/microblaze_tutorial_sp701.gen/sources_1/bd/mb_subsystem/ip/mb_subsystem_xbar_0/mb_subsystem_xbar_0_ooc.xdc] for cell 'inst'
Finished Parsing XDC File [/home/r-yamashita/bootLoader/MicroBlaze-Tutorial/microblaze_tutorial_sp701/microblaze_tutorial_sp701.gen/sources_1/bd/mb_subsystem/ip/mb_subsystem_xbar_0/mb_subsystem_xbar_0_ooc.xdc] for cell 'inst'
Parsing XDC File [/home/r-yamashita/bootLoader/MicroBlaze-Tutorial/microblaze_tutorial_sp701/microblaze_tutorial_sp701.runs/mb_subsystem_xbar_0_synth_1/dont_touch.xdc]
Finished Parsing XDC File [/home/r-yamashita/bootLoader/MicroBlaze-Tutorial/microblaze_tutorial_sp701/microblaze_tutorial_sp701.runs/mb_subsystem_xbar_0_synth_1/dont_touch.xdc]
Completed Processing XDC Constraints

Netlist sorting complete. Time (s): cpu = 00:00:00 ; elapsed = 00:00:00 . Memory (MB): peak = 3548.000 ; gain = 0.000 ; free physical = 622 ; free virtual = 48784
INFO: [Project 1-111] Unisim Transformation Summary:
No Unisim elements were transformed.

Constraint Validation Runtime : Time (s): cpu = 00:00:00.03 ; elapsed = 00:00:00.02 . Memory (MB): peak = 3548.000 ; gain = 0.000 ; free physical = 615 ; free virtual = 48777
INFO: [Designutils 20-5008] Incremental synthesis strategy off
---------------------------------------------------------------------------------
Finished Constraint Validation : Time (s): cpu = 00:00:17 ; elapsed = 00:00:21 . Memory (MB): peak = 3548.000 ; gain = 643.207 ; free physical = 686 ; free virtual = 48353
---------------------------------------------------------------------------------
---------------------------------------------------------------------------------
Start Loading Part and Timing Information
---------------------------------------------------------------------------------
Loading part: xc7s100fgga676-2
---------------------------------------------------------------------------------
Finished Loading Part and Timing Information : Time (s): cpu = 00:00:17 ; elapsed = 00:00:21 . Memory (MB): peak = 3548.000 ; gain = 643.207 ; free physical = 691 ; free virtual = 48353
---------------------------------------------------------------------------------
---------------------------------------------------------------------------------
Start Applying 'set_property' XDC Constraints
---------------------------------------------------------------------------------
Applied set_property KEEP_HIERARCHY = SOFT for inst. (constraint file  /home/r-yamashita/bootLoader/MicroBlaze-Tutorial/microblaze_tutorial_sp701/microblaze_tutorial_sp701.runs/mb_subsystem_xbar_0_synth_1/dont_touch.xdc, line 9).
---------------------------------------------------------------------------------
Finished applying 'set_property' XDC Constraints : Time (s): cpu = 00:00:17 ; elapsed = 00:00:21 . Memory (MB): peak = 3548.000 ; gain = 643.207 ; free physical = 693 ; free virtual = 48354
---------------------------------------------------------------------------------
---------------------------------------------------------------------------------
Finished RTL Optimization Phase 2 : Time (s): cpu = 00:00:18 ; elapsed = 00:00:21 . Memory (MB): peak = 3548.000 ; gain = 643.207 ; free physical = 682 ; free virtual = 48348
---------------------------------------------------------------------------------
---------------------------------------------------------------------------------
Start RTL Component Statistics 
---------------------------------------------------------------------------------
Detailed RTL Component Info : 
+---Registers : 
	               64 Bit    Registers := 1     
	               36 Bit    Registers := 2     
	                3 Bit    Registers := 2     
	                2 Bit    Registers := 3     
	                1 Bit    Registers := 14    
+---Muxes : 
	   2 Input   64 Bit        Muxes := 1     
	   2 Input   36 Bit        Muxes := 2     
	   2 Input    3 Bit        Muxes := 1     
	   2 Input    2 Bit        Muxes := 2     
	   2 Input    1 Bit        Muxes := 30    
---------------------------------------------------------------------------------
Finished RTL Component Statistics 
---------------------------------------------------------------------------------
---------------------------------------------------------------------------------
Start Part Resource Summary
---------------------------------------------------------------------------------
Part Resources:
DSPs: 160 (col length:80)
BRAMs: 240 (col length: RAMB18 80 RAMB36 40)
---------------------------------------------------------------------------------
Finished Part Resource Summary
---------------------------------------------------------------------------------
---------------------------------------------------------------------------------
Start Cross Boundary and Area Optimization
---------------------------------------------------------------------------------
WARNING: [Synth 8-7080] Parallel synthesis criteria is not met
INFO: [Synth 8-3936] Found unconnected internal register 'gen_sasd.crossbar_sasd_0/reg_slice_r/m_payload_i_reg' and it is trimmed from '36' to '35' bits. [/home/r-yamashita/bootLoader/MicroBlaze-Tutorial/microblaze_tutorial_sp701/microblaze_tutorial_sp701.gen/sources_1/bd/mb_subsystem/ipshared/87d1/hdl/axi_register_slice_v2_1_vl_rfs.v:1731]
WARNING: [Synth 8-7129] Port s_axi_awid[0] in module axi_crossbar_v2_1_29_axi_crossbar is either unconnected or has no load
WARNING: [Synth 8-7129] Port s_axi_awlen[7] in module axi_crossbar_v2_1_29_axi_crossbar is either unconnected or has no load
WARNING: [Synth 8-7129] Port s_axi_awlen[6] in module axi_crossbar_v2_1_29_axi_crossbar is either unconnected or has no load
WARNING: [Synth 8-7129] Port s_axi_awlen[5] in module axi_crossbar_v2_1_29_axi_crossbar is either unconnected or has no load
WARNING: [Synth 8-7129] Port s_axi_awlen[4] in module axi_crossbar_v2_1_29_axi_crossbar is either unconnected or has no load
WARNING: [Synth 8-7129] Port s_axi_awlen[3] in module axi_crossbar_v2_1_29_axi_crossbar is either unconnected or has no load
WARNING: [Synth 8-7129] Port s_axi_awlen[2] in module axi_crossbar_v2_1_29_axi_crossbar is either unconnected or has no load
WARNING: [Synth 8-7129] Port s_axi_awlen[1] in module axi_crossbar_v2_1_29_axi_crossbar is either unconnected or has no load
WARNING: [Synth 8-7129] Port s_axi_awlen[0] in module axi_crossbar_v2_1_29_axi_crossbar is either unconnected or has no load
WARNING: [Synth 8-7129] Port s_axi_awsize[2] in module axi_crossbar_v2_1_29_axi_crossbar is either unconnected or has no load
WARNING: [Synth 8-7129] Port s_axi_awsize[1] in module axi_crossbar_v2_1_29_axi_crossbar is either unconnected or has no load
WARNING: [Synth 8-7129] Port s_axi_awsize[0] in module axi_crossbar_v2_1_29_axi_crossbar is either unconnected or has no load
WARNING: [Synth 8-7129] Port s_axi_awburst[1] in module axi_crossbar_v2_1_29_axi_crossbar is either unconnected or has no load
WARNING: [Synth 8-7129] Port s_axi_awburst[0] in module axi_crossbar_v2_1_29_axi_crossbar is either unconnected or has no load
WARNING: [Synth 8-7129] Port s_axi_awlock[0] in module axi_crossbar_v2_1_29_axi_crossbar is either unconnected or has no load
WARNING: [Synth 8-7129] Port s_axi_awcache[3] in module axi_crossbar_v2_1_29_axi_crossbar is either unconnected or has no load
WARNING: [Synth 8-7129] Port s_axi_awcache[2] in module axi_crossbar_v2_1_29_axi_crossbar is either unconnected or has no load
WARNING: [Synth 8-7129] Port s_axi_awcache[1] in module axi_crossbar_v2_1_29_axi_crossbar is either unconnected or has no load
WARNING: [Synth 8-7129] Port s_axi_awcache[0] in module axi_crossbar_v2_1_29_axi_crossbar is either unconnected or has no load
INFO: [Common 17-14] Message 'Synth 8-7129' appears 100 times and further instances of the messages will be disabled. Use the Tcl command set_msg_config to change the current settings.
---------------------------------------------------------------------------------
Finished Cross Boundary and Area Optimization : Time (s): cpu = 00:00:20 ; elapsed = 00:00:23 . Memory (MB): peak = 3548.000 ; gain = 643.207 ; free physical = 677 ; free virtual = 48279
---------------------------------------------------------------------------------
---------------------------------------------------------------------------------
Start Applying XDC Timing Constraints
---------------------------------------------------------------------------------
---------------------------------------------------------------------------------
Finished Applying XDC Timing Constraints : Time (s): cpu = 00:00:25 ; elapsed = 00:00:29 . Memory (MB): peak = 3548.000 ; gain = 643.207 ; free physical = 2642 ; free virtual = 49801
---------------------------------------------------------------------------------
---------------------------------------------------------------------------------
Start Timing Optimization
---------------------------------------------------------------------------------
---------------------------------------------------------------------------------
Finished Timing Optimization : Time (s): cpu = 00:00:26 ; elapsed = 00:00:29 . Memory (MB): peak = 3548.000 ; gain = 643.207 ; free physical = 2880 ; free virtual = 50038
---------------------------------------------------------------------------------
---------------------------------------------------------------------------------
Start Technology Mapping
---------------------------------------------------------------------------------
---------------------------------------------------------------------------------
Finished Technology Mapping : Time (s): cpu = 00:00:26 ; elapsed = 00:00:29 . Memory (MB): peak = 3548.000 ; gain = 643.207 ; free physical = 2866 ; free virtual = 50024
---------------------------------------------------------------------------------
---------------------------------------------------------------------------------
Start IO Insertion
---------------------------------------------------------------------------------
---------------------------------------------------------------------------------
Start Flattening Before IO Insertion
---------------------------------------------------------------------------------
---------------------------------------------------------------------------------
Finished Flattening Before IO Insertion
---------------------------------------------------------------------------------
---------------------------------------------------------------------------------
Start Final Netlist Cleanup
---------------------------------------------------------------------------------
---------------------------------------------------------------------------------
Finished Final Netlist Cleanup
---------------------------------------------------------------------------------
---------------------------------------------------------------------------------
Finished IO Insertion : Time (s): cpu = 00:00:29 ; elapsed = 00:00:33 . Memory (MB): peak = 3548.000 ; gain = 643.207 ; free physical = 2553 ; free virtual = 49736
---------------------------------------------------------------------------------
---------------------------------------------------------------------------------
Start Renaming Generated Instances
---------------------------------------------------------------------------------
---------------------------------------------------------------------------------
Finished Renaming Generated Instances : Time (s): cpu = 00:00:29 ; elapsed = 00:00:33 . Memory (MB): peak = 3548.000 ; gain = 643.207 ; free physical = 2552 ; free virtual = 49736
---------------------------------------------------------------------------------
---------------------------------------------------------------------------------
Start Rebuilding User Hierarchy
---------------------------------------------------------------------------------
---------------------------------------------------------------------------------
Finished Rebuilding User Hierarchy : Time (s): cpu = 00:00:29 ; elapsed = 00:00:33 . Memory (MB): peak = 3548.000 ; gain = 643.207 ; free physical = 2551 ; free virtual = 49734
---------------------------------------------------------------------------------
---------------------------------------------------------------------------------
Start Renaming Generated Ports
---------------------------------------------------------------------------------
---------------------------------------------------------------------------------
Finished Renaming Generated Ports : Time (s): cpu = 00:00:29 ; elapsed = 00:00:33 . Memory (MB): peak = 3548.000 ; gain = 643.207 ; free physical = 2553 ; free virtual = 49733
---------------------------------------------------------------------------------
---------------------------------------------------------------------------------
Start Handling Custom Attributes
---------------------------------------------------------------------------------
---------------------------------------------------------------------------------
Finished Handling Custom Attributes : Time (s): cpu = 00:00:29 ; elapsed = 00:00:33 . Memory (MB): peak = 3548.000 ; gain = 643.207 ; free physical = 2570 ; free virtual = 49731
---------------------------------------------------------------------------------
---------------------------------------------------------------------------------
Start Renaming Generated Nets
---------------------------------------------------------------------------------
---------------------------------------------------------------------------------
Finished Renaming Generated Nets : Time (s): cpu = 00:00:29 ; elapsed = 00:00:33 . Memory (MB): peak = 3548.000 ; gain = 643.207 ; free physical = 2569 ; free virtual = 49730
---------------------------------------------------------------------------------
---------------------------------------------------------------------------------
Start Writing Synthesis Report
---------------------------------------------------------------------------------

Report BlackBoxes: 
+-+--------------+----------+
| |BlackBox name |Instances |
+-+--------------+----------+
+-+--------------+----------+

Report Cell Usage: 
+------+-----+------+
|      |Cell |Count |
+------+-----+------+
|1     |LUT1 |     1|
|2     |LUT2 |     7|
|3     |LUT3 |     1|
|4     |LUT4 |    66|
|5     |LUT5 |    23|
|6     |LUT6 |    49|
|7     |FDRE |   130|
+------+-----+------+
---------------------------------------------------------------------------------
Finished Writing Synthesis Report : Time (s): cpu = 00:00:29 ; elapsed = 00:00:33 . Memory (MB): peak = 3548.000 ; gain = 643.207 ; free physical = 2569 ; free virtual = 49730
---------------------------------------------------------------------------------
Synthesis finished with 0 errors, 0 critical warnings and 62 warnings.
Synthesis Optimization Runtime : Time (s): cpu = 00:00:28 ; elapsed = 00:00:32 . Memory (MB): peak = 3548.000 ; gain = 562.641 ; free physical = 2562 ; free virtual = 49727
Synthesis Optimization Complete : Time (s): cpu = 00:00:30 ; elapsed = 00:00:33 . Memory (MB): peak = 3548.000 ; gain = 643.207 ; free physical = 2561 ; free virtual = 49726
INFO: [Project 1-571] Translating synthesized netlist
Netlist sorting complete. Time (s): cpu = 00:00:00 ; elapsed = 00:00:00 . Memory (MB): peak = 3548.000 ; gain = 0.000 ; free physical = 2792 ; free virtual = 49963
INFO: [Project 1-570] Preparing netlist for logic optimization
INFO: [Opt 31-138] Pushed 0 inverter(s) to 0 load pin(s).
Netlist sorting complete. Time (s): cpu = 00:00:00 ; elapsed = 00:00:00.01 . Memory (MB): peak = 3556.008 ; gain = 0.000 ; free physical = 2748 ; free virtual = 49938
INFO: [Project 1-111] Unisim Transformation Summary:
No Unisim elements were transformed.

Synth Design complete | Checksum: 92c35b35
INFO: [Common 17-83] Releasing license: Synthesis
48 Infos, 105 Warnings, 0 Critical Warnings and 0 Errors encountered.
synth_design completed successfully
synth_design: Time (s): cpu = 00:00:37 ; elapsed = 00:00:38 . Memory (MB): peak = 3556.008 ; gain = 978.254 ; free physical = 2765 ; free virtual = 49930
INFO: [Common 17-2834] synth_design peak Physical Memory [PSS] (MB): overall = 2731.088; main = 2471.954; forked = 259.401
INFO: [Common 17-2834] synth_design peak Virtual Memory [VSS] (MB): overall = 4791.461; main = 3556.008; forked = 1267.469
INFO: [Common 17-1381] The checkpoint '/home/r-yamashita/bootLoader/MicroBlaze-Tutorial/microblaze_tutorial_sp701/microblaze_tutorial_sp701.runs/mb_subsystem_xbar_0_synth_1/mb_subsystem_xbar_0.dcp' has been generated.
INFO: [Coretcl 2-1648] Added synthesis output to IP cache for IP mb_subsystem_xbar_0, cache-ID = 0b47c0a8adffca8b
INFO: [Coretcl 2-1174] Renamed 7 cell refs.
INFO: [Common 17-1381] The checkpoint '/home/r-yamashita/bootLoader/MicroBlaze-Tutorial/microblaze_tutorial_sp701/microblaze_tutorial_sp701.runs/mb_subsystem_xbar_0_synth_1/mb_subsystem_xbar_0.dcp' has been generated.
INFO: [runtcl-4] Executing : report_utilization -file mb_subsystem_xbar_0_utilization_synth.rpt -pb mb_subsystem_xbar_0_utilization_synth.pb
INFO: [Common 17-206] Exiting Vivado at Thu Jun  1 19:49:58 2023...
