Copyright 1986-2022 Xilinx, Inc. All Rights Reserved. Copyright 2022-2023 Advanced Micro Devices, Inc. All Rights Reserved.
----------------------------------------------------------------------------------------------------------------------------------------------------------------------------------
| Tool Version     : Vivado v.2023.1 (lin64) Build 3865809 Sun May  7 15:04:56 MDT 2023
| Date             : Thu Jun  1 20:01:16 2023
| Host             : e5svr1 running 64-bit unknown
| Command          : report_power -file mb_subsystem_wrapper_power_routed.rpt -pb mb_subsystem_wrapper_power_summary_routed.pb -rpx mb_subsystem_wrapper_power_routed.rpx
| Design           : mb_subsystem_wrapper
| Device           : xc7s100fgga676-2
| Design State     : routed
| Grade            : commercial
| Process          : typical
| Characterization : Production
----------------------------------------------------------------------------------------------------------------------------------------------------------------------------------

Power Report

Table of Contents
-----------------
1. Summary
1.1 On-Chip Components
1.2 Power Supply Summary
1.3 Confidence Level
2. Settings
2.1 Environment
2.2 Clock Constraints
3. Detailed Reports
3.1 By Hierarchy

1. Summary
----------

+--------------------------+--------------+
| Total On-Chip Power (W)  | 0.967        |
| Design Power Budget (W)  | Unspecified* |
| Power Budget Margin (W)  | NA           |
| Dynamic (W)              | 0.845        |
| Device Static (W)        | 0.122        |
| Effective TJA (C/W)      | 2.4          |
| Max Ambient (C)          | 82.6         |
| Junction Temperature (C) | 27.4         |
| Confidence Level         | Low          |
| Setting File             | ---          |
| Simulation Activity File | ---          |
| Design Nets Matched      | NA           |
+--------------------------+--------------+
* Specify Design Power Budget using, set_operating_conditions -design_power_budget <value in Watts>


1.1 On-Chip Components
----------------------

+--------------------------+-----------+----------+-----------+-----------------+
| On-Chip                  | Power (W) | Used     | Available | Utilization (%) |
+--------------------------+-----------+----------+-----------+-----------------+
| Clocks                   |     0.087 |       25 |       --- |             --- |
| Slice Logic              |     0.041 |    47524 |       --- |             --- |
|   LUT as Logic           |     0.034 |    15774 |     64000 |           24.65 |
|   LUT as Distributed RAM |     0.003 |     1546 |     17600 |            8.78 |
|   Register               |     0.002 |    20412 |    128000 |           15.95 |
|   LUT as Shift Register  |    <0.001 |      929 |     17600 |            5.28 |
|   CARRY4                 |    <0.001 |      410 |     16000 |            2.56 |
|   F7/F8 Muxes            |    <0.001 |      423 |     64000 |            0.66 |
|   Others                 |    <0.001 |     1988 |       --- |             --- |
| Signals                  |     0.052 |    32931 |       --- |             --- |
| Block RAM                |     0.064 |     29.5 |       120 |           24.58 |
| MMCM                     |     0.095 |        1 |         8 |           12.50 |
| PLL                      |     0.092 |        1 |         8 |           12.50 |
| DSPs                     |    <0.001 |        3 |       160 |            1.88 |
| I/O                      |     0.275 |       61 |       400 |           15.25 |
| PHASER                   |     0.134 |       14 |       --- |             --- |
| XADC                     |     0.004 |        1 |       --- |             --- |
| Static Power             |     0.122 |          |           |                 |
| Total                    |     0.967 |          |           |                 |
+--------------------------+-----------+----------+-----------+-----------------+


1.2 Power Supply Summary
------------------------

+-----------+-------------+-----------+-------------+------------+-------------+-------------+------------+
| Source    | Voltage (V) | Total (A) | Dynamic (A) | Static (A) | Powerup (A) | Budget (A)  | Margin (A) |
+-----------+-------------+-----------+-------------+------------+-------------+-------------+------------+
| Vccint    |       1.000 |     0.299 |       0.283 |      0.016 |       NA    | Unspecified | NA         |
| Vccaux    |       1.800 |     0.239 |       0.218 |      0.022 |       NA    | Unspecified | NA         |
| Vcco33    |       3.300 |     0.004 |       0.000 |      0.004 |       NA    | Unspecified | NA         |
| Vcco25    |       2.500 |     0.005 |       0.001 |      0.004 |       NA    | Unspecified | NA         |
| Vcco18    |       1.800 |     0.000 |       0.000 |      0.000 |       NA    | Unspecified | NA         |
| Vcco15    |       1.500 |     0.000 |       0.000 |      0.000 |       NA    | Unspecified | NA         |
| Vcco135   |       1.350 |     0.122 |       0.118 |      0.004 |       NA    | Unspecified | NA         |
| Vcco12    |       1.200 |     0.000 |       0.000 |      0.000 |       NA    | Unspecified | NA         |
| Vccaux_io |       1.800 |     0.000 |       0.000 |      0.000 |       NA    | Unspecified | NA         |
| Vccbram   |       1.000 |     0.007 |       0.005 |      0.002 |       NA    | Unspecified | NA         |
| Vccadc    |       1.800 |     0.022 |       0.002 |      0.020 |       NA    | Unspecified | NA         |
+-----------+-------------+-----------+-------------+------------+-------------+-------------+------------+


1.3 Confidence Level
--------------------

+-----------------------------+------------+--------------------------------------------------------+------------------------------------------------------------------------------------------------------------+
| User Input Data             | Confidence | Details                                                | Action                                                                                                     |
+-----------------------------+------------+--------------------------------------------------------+------------------------------------------------------------------------------------------------------------+
| Design implementation state | High       | Design is routed                                       |                                                                                                            |
| Clock nodes activity        | High       | User specified more than 95% of clocks                 |                                                                                                            |
| I/O nodes activity          | Low        | More than 75% of inputs are missing user specification | Provide missing input activity with simulation results or by editing the "By Resource Type -> I/Os" view   |
| Internal nodes activity     | Medium     | User specified less than 25% of internal nodes         | Provide missing internal nodes activity with simulation results or by editing the "By Resource Type" views |
| Device models               | High       | Device models are Production                           |                                                                                                            |
|                             |            |                                                        |                                                                                                            |
| Overall confidence level    | Low        |                                                        |                                                                                                            |
+-----------------------------+------------+--------------------------------------------------------+------------------------------------------------------------------------------------------------------------+


2. Settings
-----------

2.1 Environment
---------------

+-----------------------+--------------------------+
| Ambient Temp (C)      | 25.0                     |
| ThetaJA (C/W)         | 2.4                      |
| Airflow (LFM)         | 250                      |
| Heat Sink             | medium (Medium Profile)  |
| ThetaSA (C/W)         | 2.8                      |
| Board Selection       | medium (10"x10")         |
| # of Board Layers     | 12to15 (12 to 15 Layers) |
| Board Temperature (C) | 25.0                     |
+-----------------------+--------------------------+


2.2 Clock Constraints
---------------------

+-----------------------------------------------------------------------------------------------------------------------------------------------------------+-----------------------------------------------------------------------------------------------------------------------------------------------------------------------------------------------------------------------------------------+-----------------+
| Clock                                                                                                                                                     | Domain                                                                                                                                                                                                                                  | Constraint (ns) |
+-----------------------------------------------------------------------------------------------------------------------------------------------------------+-----------------------------------------------------------------------------------------------------------------------------------------------------------------------------------------------------------------------------------------+-----------------+
| clk_pll_i                                                                                                                                                 | mb_subsystem_i/mig_7series_0/u_mb_subsystem_mig_7series_0_0_mig/u_ddr3_infrastructure/clk_pll_i                                                                                                                                         |            10.0 |
| dbg_hub/inst/BSCANID.u_xsdbm_id/SWITCH_N_EXT_BSCAN.bscan_inst/SERIES7_BSCAN.bscan_inst/TCK                                                                | dbg_hub/inst/BSCANID.u_xsdbm_id/SWITCH_N_EXT_BSCAN.bscan_inst/TCK                                                                                                                                                                       |            33.0 |
| freq_refclk                                                                                                                                               | mb_subsystem_i/mig_7series_0/u_mb_subsystem_mig_7series_0_0_mig/u_ddr3_infrastructure/freq_refclk                                                                                                                                       |             1.2 |
| iserdes_clkdiv                                                                                                                                            | mb_subsystem_i/mig_7series_0/u_mb_subsystem_mig_7series_0_0_mig/u_memc_ui_top_axi/mem_intfc0/ddr_phy_top0/u_ddr_mc_phy_wrapper/u_ddr_mc_phy/ddr_phy_4lanes_0.u_ddr_phy_4lanes/ddr_byte_lane_C.ddr_byte_lane_C/iserdes_clkdiv            |            10.0 |
| iserdes_clkdiv_1                                                                                                                                          | mb_subsystem_i/mig_7series_0/u_mb_subsystem_mig_7series_0_0_mig/u_memc_ui_top_axi/mem_intfc0/ddr_phy_top0/u_ddr_mc_phy_wrapper/u_ddr_mc_phy/ddr_phy_4lanes_0.u_ddr_phy_4lanes/ddr_byte_lane_D.ddr_byte_lane_D/iserdes_clkdiv            |            10.0 |
| mb_subsystem_i/mdm_1/U0/Use_E2.BSCAN_I/Use_E2.BSCANE2_I/DRCK                                                                                              | mb_subsystem_i/mdm_1/U0/Use_E2.BSCAN_I/DRCK                                                                                                                                                                                             |            33.3 |
| mb_subsystem_i/mdm_1/U0/Use_E2.BSCAN_I/Use_E2.BSCANE2_I/UPDATE                                                                                            | mb_subsystem_i/mdm_1/U0/Use_E2.BSCAN_I/Dbg_Update_0                                                                                                                                                                                     |            33.3 |
| mem_refclk                                                                                                                                                | mb_subsystem_i/mig_7series_0/u_mb_subsystem_mig_7series_0_0_mig/u_ddr3_infrastructure/mem_refclk                                                                                                                                        |             2.5 |
| mmcm_clkout0                                                                                                                                              | mb_subsystem_i/mig_7series_0/u_mb_subsystem_mig_7series_0_0_mig/u_ddr3_infrastructure/mmcm_clkout0                                                                                                                                      |            10.0 |
| oserdes_clk                                                                                                                                               | mb_subsystem_i/mig_7series_0/u_mb_subsystem_mig_7series_0_0_mig/u_memc_ui_top_axi/mem_intfc0/ddr_phy_top0/u_ddr_mc_phy_wrapper/u_ddr_mc_phy/ddr_phy_4lanes_0.u_ddr_phy_4lanes/ddr_byte_lane_A.ddr_byte_lane_A/oserdes_clk               |             2.5 |
| oserdes_clk_1                                                                                                                                             | mb_subsystem_i/mig_7series_0/u_mb_subsystem_mig_7series_0_0_mig/u_memc_ui_top_axi/mem_intfc0/ddr_phy_top0/u_ddr_mc_phy_wrapper/u_ddr_mc_phy/ddr_phy_4lanes_0.u_ddr_phy_4lanes/ddr_byte_lane_B.ddr_byte_lane_B/oserdes_clk               |             2.5 |
| oserdes_clk_2                                                                                                                                             | mb_subsystem_i/mig_7series_0/u_mb_subsystem_mig_7series_0_0_mig/u_memc_ui_top_axi/mem_intfc0/ddr_phy_top0/u_ddr_mc_phy_wrapper/u_ddr_mc_phy/ddr_phy_4lanes_0.u_ddr_phy_4lanes/ddr_byte_lane_C.ddr_byte_lane_C/oserdes_clk               |             2.5 |
| oserdes_clk_3                                                                                                                                             | mb_subsystem_i/mig_7series_0/u_mb_subsystem_mig_7series_0_0_mig/u_memc_ui_top_axi/mem_intfc0/ddr_phy_top0/u_ddr_mc_phy_wrapper/u_ddr_mc_phy/ddr_phy_4lanes_0.u_ddr_phy_4lanes/ddr_byte_lane_D.ddr_byte_lane_D/oserdes_clk               |             2.5 |
| oserdes_clkdiv                                                                                                                                            | mb_subsystem_i/mig_7series_0/u_mb_subsystem_mig_7series_0_0_mig/u_memc_ui_top_axi/mem_intfc0/ddr_phy_top0/u_ddr_mc_phy_wrapper/u_ddr_mc_phy/ddr_phy_4lanes_0.u_ddr_phy_4lanes/ddr_byte_lane_A.ddr_byte_lane_A/oserdes_clkdiv            |            10.0 |
| oserdes_clkdiv_1                                                                                                                                          | mb_subsystem_i/mig_7series_0/u_mb_subsystem_mig_7series_0_0_mig/u_memc_ui_top_axi/mem_intfc0/ddr_phy_top0/u_ddr_mc_phy_wrapper/u_ddr_mc_phy/ddr_phy_4lanes_0.u_ddr_phy_4lanes/ddr_byte_lane_B.ddr_byte_lane_B/oserdes_clkdiv            |            10.0 |
| oserdes_clkdiv_2                                                                                                                                          | mb_subsystem_i/mig_7series_0/u_mb_subsystem_mig_7series_0_0_mig/u_memc_ui_top_axi/mem_intfc0/ddr_phy_top0/u_ddr_mc_phy_wrapper/u_ddr_mc_phy/ddr_phy_4lanes_0.u_ddr_phy_4lanes/ddr_byte_lane_C.ddr_byte_lane_C/oserdes_clkdiv            |             5.0 |
| oserdes_clkdiv_3                                                                                                                                          | mb_subsystem_i/mig_7series_0/u_mb_subsystem_mig_7series_0_0_mig/u_memc_ui_top_axi/mem_intfc0/ddr_phy_top0/u_ddr_mc_phy_wrapper/u_ddr_mc_phy/ddr_phy_4lanes_0.u_ddr_phy_4lanes/ddr_byte_lane_D.ddr_byte_lane_D/oserdes_clkdiv            |             5.0 |
| pll_clk3_out                                                                                                                                              | mb_subsystem_i/mig_7series_0/u_mb_subsystem_mig_7series_0_0_mig/u_ddr3_infrastructure/pll_clk3_out                                                                                                                                      |            10.0 |
| pll_clkfbout                                                                                                                                              | mb_subsystem_i/mig_7series_0/u_mb_subsystem_mig_7series_0_0_mig/u_ddr3_infrastructure/pll_clkfbout                                                                                                                                      |             5.0 |
| sync_pulse                                                                                                                                                | mb_subsystem_i/mig_7series_0/u_mb_subsystem_mig_7series_0_0_mig/u_ddr3_infrastructure/sync_pulse                                                                                                                                        |            40.0 |
| sys_diff_clock_clk_p                                                                                                                                      | sys_diff_clock_clk_p                                                                                                                                                                                                                    |             5.0 |
| u_memc_ui_top_axi/mem_intfc0/ddr_phy_top0/u_ddr_mc_phy_wrapper/u_ddr_mc_phy/ddr_phy_4lanes_0.u_ddr_phy_4lanes/ddr_byte_lane_C.ddr_byte_lane_C/iserdes_clk | mb_subsystem_i/mig_7series_0/u_mb_subsystem_mig_7series_0_0_mig/u_memc_ui_top_axi/mem_intfc0/ddr_phy_top0/u_ddr_mc_phy_wrapper/u_ddr_mc_phy/ddr_phy_4lanes_0.u_ddr_phy_4lanes/ddr_byte_lane_C.ddr_byte_lane_C/phaser_in_gen.phaser_in_0 |             2.5 |
| u_memc_ui_top_axi/mem_intfc0/ddr_phy_top0/u_ddr_mc_phy_wrapper/u_ddr_mc_phy/ddr_phy_4lanes_0.u_ddr_phy_4lanes/ddr_byte_lane_D.ddr_byte_lane_D/iserdes_clk | mb_subsystem_i/mig_7series_0/u_mb_subsystem_mig_7series_0_0_mig/u_memc_ui_top_axi/mem_intfc0/ddr_phy_top0/u_ddr_mc_phy_wrapper/u_ddr_mc_phy/ddr_phy_4lanes_0.u_ddr_phy_4lanes/ddr_byte_lane_D.ddr_byte_lane_D/phaser_in_gen.phaser_in_0 |             2.5 |
+-----------------------------------------------------------------------------------------------------------------------------------------------------------+-----------------------------------------------------------------------------------------------------------------------------------------------------------------------------------------------------------------------------------------+-----------------+


3. Detailed Reports
-------------------

3.1 By Hierarchy
----------------

+------------------------------------------+-----------+
| Name                                     | Power (W) |
+------------------------------------------+-----------+
| mb_subsystem_wrapper                     |     0.845 |
|   dbg_hub                                |     0.003 |
|     inst                                 |     0.003 |
|       BSCANID.u_xsdbm_id                 |     0.003 |
|   mb_subsystem_i                         |     0.843 |
|     axi_bram_ctrl_0                      |     0.003 |
|       U0                                 |     0.003 |
|     axi_bram_ctrl_0_bram                 |     0.003 |
|       U0                                 |     0.003 |
|     axi_smc                              |     0.069 |
|       inst                               |     0.069 |
|     mdm_1                                |     0.003 |
|       U0                                 |     0.003 |
|     microblaze_0                         |     0.083 |
|       U0                                 |     0.083 |
|     microblaze_0_local_memory            |     0.002 |
|     mig_7series_0                        |     0.662 |
|       u_mb_subsystem_mig_7series_0_0_mig |     0.662 |
|     system_ila                           |     0.016 |
|       U0                                 |     0.016 |
+------------------------------------------+-----------+


